 
****************************************
check_design summary:
Version:     O-2018.06-SP4
Date:        Fri Dec 23 20:10:48 2022
****************************************

                   Name                                            Total
--------------------------------------------------------------------------------
Cells                                                              92
    Cells do not drive (LINT-1)                                     9
    Connected to power or ground (LINT-32)                         69
    Nets connected to multiple pins on same cell (LINT-33)         14

Nets                                                               11
    Unloaded nets (LINT-2)                                         11
--------------------------------------------------------------------------------

Warning: In design 'mac_step3', cell 'B_4' does not drive any nets. (LINT-1)
Warning: In design 'mac_step3', cell 'B_5' does not drive any nets. (LINT-1)
Warning: In design 'mac_step3', cell 'B_6' does not drive any nets. (LINT-1)
Warning: In design 'mac_step3', cell 'B_8' does not drive any nets. (LINT-1)
Warning: In design 'mac_step3', cell 'B_9' does not drive any nets. (LINT-1)
Warning: In design 'mac_step5', cell 'C147' does not drive any nets. (LINT-1)
Warning: In design 'mac_step5', cell 'C150' does not drive any nets. (LINT-1)
Warning: In design 'mac_step5', cell 'C153' does not drive any nets. (LINT-1)
Warning: In design 'mac_step5', cell 'C157' does not drive any nets. (LINT-1)
Warning: In design 'fp_mac', net 'ms5_out_significand[23]' driven by pin 'MS5/out_sg[23]' has no loads. (LINT-2)
Warning: In design 'fp_mac', net 'MS1/carry[1][22]' driven by pin 'MS1/am_row1[21].am1/co' has no loads. (LINT-2)
Warning: In design 'fp_mac', net 'MS1/carry[2][22]' driven by pin 'MS1/psum24_row[2].psum24_col[21].am24/co' has no loads. (LINT-2)
Warning: In design 'fp_mac', net 'MS1/carry[3][22]' driven by pin 'MS1/psum24_row[3].psum24_col[21].am24/co' has no loads. (LINT-2)
Warning: In design 'fp_mac', net 'MS1/carry[4][22]' driven by pin 'MS1/psum24_row[4].psum24_col[21].am24/co' has no loads. (LINT-2)
Warning: In design 'fp_mac', net 'MS2/carry[5][22]' driven by pin 'MS2/psum510_row[5].psum510_col[21].am24/co' has no loads. (LINT-2)
Warning: In design 'fp_mac', net 'MS2/carry[6][22]' driven by pin 'MS2/psum510_row[6].psum510_col[21].am24/co' has no loads. (LINT-2)
Warning: In design 'fp_mac', net 'MS2/carry[7][22]' driven by pin 'MS2/psum510_row[7].psum510_col[21].am24/co' has no loads. (LINT-2)
Warning: In design 'fp_mac', net 'MS2/carry[8][22]' driven by pin 'MS2/psum510_row[8].psum510_col[21].am24/co' has no loads. (LINT-2)
Warning: In design 'fp_mac', net 'MS2/carry[9][22]' driven by pin 'MS2/psum510_row[9].psum510_col[21].am24/co' has no loads. (LINT-2)
Warning: In design 'fp_mac', net 'MS2/carry[10][22]' driven by pin 'MS2/psum510_row[10].psum510_col[21].am24/co' has no loads. (LINT-2)
Warning: In design 'mac_step1', a pin on submodule 'am_row1[0].am1' is connected to logic 1 or logic 0. (LINT-32)
   Pin 'x' is connected to logic 0. 
Warning: In design 'mac_step1', a pin on submodule 'am_row1[0].am1' is connected to logic 1 or logic 0. (LINT-32)
   Pin 'ci' is connected to logic 0. 
Warning: In design 'mac_step1', a pin on submodule 'am_row1[11].am1' is connected to logic 1 or logic 0. (LINT-32)
   Pin 'y' is connected to logic 0. 
Warning: In design 'mac_step1', a pin on submodule 'am_row1[12].am1' is connected to logic 1 or logic 0. (LINT-32)
   Pin 'x' is connected to logic 0. 
Warning: In design 'mac_step1', a pin on submodule 'am_row1[12].am1' is connected to logic 1 or logic 0. (LINT-32)
   Pin 'y' is connected to logic 0. 
Warning: In design 'mac_step1', a pin on submodule 'am_row1[13].am1' is connected to logic 1 or logic 0. (LINT-32)
   Pin 'x' is connected to logic 0. 
Warning: In design 'mac_step1', a pin on submodule 'am_row1[13].am1' is connected to logic 1 or logic 0. (LINT-32)
   Pin 'y' is connected to logic 0. 
Warning: In design 'mac_step1', a pin on submodule 'am_row1[14].am1' is connected to logic 1 or logic 0. (LINT-32)
   Pin 'x' is connected to logic 0. 
Warning: In design 'mac_step1', a pin on submodule 'am_row1[14].am1' is connected to logic 1 or logic 0. (LINT-32)
   Pin 'y' is connected to logic 0. 
Warning: In design 'mac_step1', a pin on submodule 'am_row1[15].am1' is connected to logic 1 or logic 0. (LINT-32)
   Pin 'x' is connected to logic 0. 
Warning: In design 'mac_step1', a pin on submodule 'am_row1[15].am1' is connected to logic 1 or logic 0. (LINT-32)
   Pin 'y' is connected to logic 0. 
Warning: In design 'mac_step1', a pin on submodule 'am_row1[16].am1' is connected to logic 1 or logic 0. (LINT-32)
   Pin 'x' is connected to logic 0. 
Warning: In design 'mac_step1', a pin on submodule 'am_row1[16].am1' is connected to logic 1 or logic 0. (LINT-32)
   Pin 'y' is connected to logic 0. 
Warning: In design 'mac_step1', a pin on submodule 'am_row1[17].am1' is connected to logic 1 or logic 0. (LINT-32)
   Pin 'x' is connected to logic 0. 
Warning: In design 'mac_step1', a pin on submodule 'am_row1[17].am1' is connected to logic 1 or logic 0. (LINT-32)
   Pin 'y' is connected to logic 0. 
Warning: In design 'mac_step1', a pin on submodule 'am_row1[18].am1' is connected to logic 1 or logic 0. (LINT-32)
   Pin 'x' is connected to logic 0. 
Warning: In design 'mac_step1', a pin on submodule 'am_row1[18].am1' is connected to logic 1 or logic 0. (LINT-32)
   Pin 'y' is connected to logic 0. 
Warning: In design 'mac_step1', a pin on submodule 'am_row1[19].am1' is connected to logic 1 or logic 0. (LINT-32)
   Pin 'x' is connected to logic 0. 
Warning: In design 'mac_step1', a pin on submodule 'am_row1[19].am1' is connected to logic 1 or logic 0. (LINT-32)
   Pin 'y' is connected to logic 0. 
Warning: In design 'mac_step1', a pin on submodule 'am_row1[20].am1' is connected to logic 1 or logic 0. (LINT-32)
   Pin 'x' is connected to logic 0. 
Warning: In design 'mac_step1', a pin on submodule 'am_row1[20].am1' is connected to logic 1 or logic 0. (LINT-32)
   Pin 'y' is connected to logic 0. 
Warning: In design 'mac_step1', a pin on submodule 'am_row1[21].am1' is connected to logic 1 or logic 0. (LINT-32)
   Pin 'x' is connected to logic 0. 
Warning: In design 'mac_step1', a pin on submodule 'am_row1[21].am1' is connected to logic 1 or logic 0. (LINT-32)
   Pin 'y' is connected to logic 0. 
Warning: In design 'mac_step1', a pin on submodule 'psum24_row[2].psum24_col[0].am24' is connected to logic 1 or logic 0. (LINT-32)
   Pin 'x' is connected to logic 0. 
Warning: In design 'mac_step1', a pin on submodule 'psum24_row[2].psum24_col[0].am24' is connected to logic 1 or logic 0. (LINT-32)
   Pin 'ci' is connected to logic 0. 
Warning: In design 'mac_step1', a pin on submodule 'psum24_row[2].psum24_col[1].am24' is connected to logic 1 or logic 0. (LINT-32)
   Pin 'x' is connected to logic 0. 
Warning: In design 'mac_step1', a pin on submodule 'psum24_row[2].psum24_col[13].am24' is connected to logic 1 or logic 0. (LINT-32)
   Pin 'x' is connected to logic 0. 
Warning: In design 'mac_step1', a pin on submodule 'psum24_row[2].psum24_col[14].am24' is connected to logic 1 or logic 0. (LINT-32)
   Pin 'x' is connected to logic 0. 
Warning: In design 'mac_step1', a pin on submodule 'psum24_row[2].psum24_col[15].am24' is connected to logic 1 or logic 0. (LINT-32)
   Pin 'x' is connected to logic 0. 
Warning: In design 'mac_step1', a pin on submodule 'psum24_row[2].psum24_col[16].am24' is connected to logic 1 or logic 0. (LINT-32)
   Pin 'x' is connected to logic 0. 
Warning: In design 'mac_step1', a pin on submodule 'psum24_row[2].psum24_col[17].am24' is connected to logic 1 or logic 0. (LINT-32)
   Pin 'x' is connected to logic 0. 
Warning: In design 'mac_step1', a pin on submodule 'psum24_row[2].psum24_col[18].am24' is connected to logic 1 or logic 0. (LINT-32)
   Pin 'x' is connected to logic 0. 
Warning: In design 'mac_step1', a pin on submodule 'psum24_row[2].psum24_col[19].am24' is connected to logic 1 or logic 0. (LINT-32)
   Pin 'x' is connected to logic 0. 
Warning: In design 'mac_step1', a pin on submodule 'psum24_row[2].psum24_col[20].am24' is connected to logic 1 or logic 0. (LINT-32)
   Pin 'x' is connected to logic 0. 
Warning: In design 'mac_step1', a pin on submodule 'psum24_row[2].psum24_col[21].am24' is connected to logic 1 or logic 0. (LINT-32)
   Pin 'x' is connected to logic 0. 
Warning: In design 'mac_step1', a pin on submodule 'psum24_row[3].psum24_col[0].am24' is connected to logic 1 or logic 0. (LINT-32)
   Pin 'x' is connected to logic 0. 
Warning: In design 'mac_step1', a pin on submodule 'psum24_row[3].psum24_col[0].am24' is connected to logic 1 or logic 0. (LINT-32)
   Pin 'ci' is connected to logic 0. 
Warning: In design 'mac_step1', a pin on submodule 'psum24_row[3].psum24_col[1].am24' is connected to logic 1 or logic 0. (LINT-32)
   Pin 'x' is connected to logic 0. 
Warning: In design 'mac_step1', a pin on submodule 'psum24_row[3].psum24_col[2].am24' is connected to logic 1 or logic 0. (LINT-32)
   Pin 'x' is connected to logic 0. 
Warning: In design 'mac_step1', a pin on submodule 'psum24_row[3].psum24_col[14].am24' is connected to logic 1 or logic 0. (LINT-32)
   Pin 'x' is connected to logic 0. 
Warning: In design 'mac_step1', a pin on submodule 'psum24_row[3].psum24_col[15].am24' is connected to logic 1 or logic 0. (LINT-32)
   Pin 'x' is connected to logic 0. 
Warning: In design 'mac_step1', a pin on submodule 'psum24_row[3].psum24_col[16].am24' is connected to logic 1 or logic 0. (LINT-32)
   Pin 'x' is connected to logic 0. 
Warning: In design 'mac_step1', a pin on submodule 'psum24_row[3].psum24_col[17].am24' is connected to logic 1 or logic 0. (LINT-32)
   Pin 'x' is connected to logic 0. 
Warning: In design 'mac_step1', a pin on submodule 'psum24_row[3].psum24_col[18].am24' is connected to logic 1 or logic 0. (LINT-32)
   Pin 'x' is connected to logic 0. 
Warning: In design 'mac_step1', a pin on submodule 'psum24_row[3].psum24_col[19].am24' is connected to logic 1 or logic 0. (LINT-32)
   Pin 'x' is connected to logic 0. 
Warning: In design 'mac_step1', a pin on submodule 'psum24_row[3].psum24_col[20].am24' is connected to logic 1 or logic 0. (LINT-32)
   Pin 'x' is connected to logic 0. 
Warning: In design 'mac_step1', a pin on submodule 'psum24_row[3].psum24_col[21].am24' is connected to logic 1 or logic 0. (LINT-32)
   Pin 'x' is connected to logic 0. 
Warning: In design 'mac_step1', a pin on submodule 'psum24_row[4].psum24_col[0].am24' is connected to logic 1 or logic 0. (LINT-32)
   Pin 'x' is connected to logic 0. 
Warning: In design 'mac_step1', a pin on submodule 'psum24_row[4].psum24_col[0].am24' is connected to logic 1 or logic 0. (LINT-32)
   Pin 'ci' is connected to logic 0. 
Warning: In design 'mac_step1', a pin on submodule 'psum24_row[4].psum24_col[1].am24' is connected to logic 1 or logic 0. (LINT-32)
   Pin 'x' is connected to logic 0. 
Warning: In design 'mac_step1', a pin on submodule 'psum24_row[4].psum24_col[2].am24' is connected to logic 1 or logic 0. (LINT-32)
   Pin 'x' is connected to logic 0. 
Warning: In design 'mac_step1', a pin on submodule 'psum24_row[4].psum24_col[3].am24' is connected to logic 1 or logic 0. (LINT-32)
   Pin 'x' is connected to logic 0. 
Warning: In design 'mac_step1', a pin on submodule 'psum24_row[4].psum24_col[15].am24' is connected to logic 1 or logic 0. (LINT-32)
   Pin 'x' is connected to logic 0. 
Warning: In design 'mac_step1', a pin on submodule 'psum24_row[4].psum24_col[16].am24' is connected to logic 1 or logic 0. (LINT-32)
   Pin 'x' is connected to logic 0. 
Warning: In design 'mac_step1', a pin on submodule 'psum24_row[4].psum24_col[17].am24' is connected to logic 1 or logic 0. (LINT-32)
   Pin 'x' is connected to logic 0. 
Warning: In design 'mac_step1', a pin on submodule 'psum24_row[4].psum24_col[18].am24' is connected to logic 1 or logic 0. (LINT-32)
   Pin 'x' is connected to logic 0. 
Warning: In design 'mac_step1', a pin on submodule 'psum24_row[4].psum24_col[19].am24' is connected to logic 1 or logic 0. (LINT-32)
   Pin 'x' is connected to logic 0. 
Warning: In design 'mac_step1', a pin on submodule 'psum24_row[4].psum24_col[20].am24' is connected to logic 1 or logic 0. (LINT-32)
   Pin 'x' is connected to logic 0. 
Warning: In design 'mac_step1', a pin on submodule 'psum24_row[4].psum24_col[21].am24' is connected to logic 1 or logic 0. (LINT-32)
   Pin 'x' is connected to logic 0. 
Warning: In design 'mac_step2', a pin on submodule 'psum510_row[5].psum510_col[0].am24' is connected to logic 1 or logic 0. (LINT-32)
   Pin 'ci' is connected to logic 0. 
Warning: In design 'mac_step2', a pin on submodule 'psum510_row[6].psum510_col[0].am24' is connected to logic 1 or logic 0. (LINT-32)
   Pin 'ci' is connected to logic 0. 
Warning: In design 'mac_step2', a pin on submodule 'psum510_row[7].psum510_col[0].am24' is connected to logic 1 or logic 0. (LINT-32)
   Pin 'ci' is connected to logic 0. 
Warning: In design 'mac_step2', a pin on submodule 'psum510_row[8].psum510_col[0].am24' is connected to logic 1 or logic 0. (LINT-32)
   Pin 'ci' is connected to logic 0. 
Warning: In design 'mac_step2', a pin on submodule 'psum510_row[9].psum510_col[0].am24' is connected to logic 1 or logic 0. (LINT-32)
   Pin 'ci' is connected to logic 0. 
Warning: In design 'mac_step2', a pin on submodule 'psum510_row[10].psum510_col[0].am24' is connected to logic 1 or logic 0. (LINT-32)
   Pin 'ci' is connected to logic 0. 
Warning: In design 'mac_step4', a pin on submodule 'G_U1' is connected to logic 1 or logic 0. (LINT-32)
   Pin 'G0' is connected to logic 0. 
Warning: In design 'mac_step4', a pin on submodule 'G_U21' is connected to logic 1 or logic 0. (LINT-32)
   Pin 'G0' is connected to logic 0. 
Warning: In design 'mac_step4', a pin on submodule 'loop_KS3_G[4].G_U3' is connected to logic 1 or logic 0. (LINT-32)
   Pin 'G0' is connected to logic 0. 
Warning: In design 'mac_step4', a pin on submodule 'loop_KS4_G[8].G_U4' is connected to logic 1 or logic 0. (LINT-32)
   Pin 'G0' is connected to logic 0. 
Warning: In design 'mac_step1', the same net is connected to more than one pin on submodule 'am_row1[0].am1'. (LINT-33)
   Net '*Logic0*' is connected to pins 'x', 'ci''.
Warning: In design 'mac_step1', the same net is connected to more than one pin on submodule 'am_row1[12].am1'. (LINT-33)
   Net '*Logic0*' is connected to pins 'x', 'y''.
Warning: In design 'mac_step1', the same net is connected to more than one pin on submodule 'am_row1[13].am1'. (LINT-33)
   Net '*Logic0*' is connected to pins 'x', 'y''.
Warning: In design 'mac_step1', the same net is connected to more than one pin on submodule 'am_row1[14].am1'. (LINT-33)
   Net '*Logic0*' is connected to pins 'x', 'y''.
Warning: In design 'mac_step1', the same net is connected to more than one pin on submodule 'am_row1[15].am1'. (LINT-33)
   Net '*Logic0*' is connected to pins 'x', 'y''.
Warning: In design 'mac_step1', the same net is connected to more than one pin on submodule 'am_row1[16].am1'. (LINT-33)
   Net '*Logic0*' is connected to pins 'x', 'y''.
Warning: In design 'mac_step1', the same net is connected to more than one pin on submodule 'am_row1[17].am1'. (LINT-33)
   Net '*Logic0*' is connected to pins 'x', 'y''.
Warning: In design 'mac_step1', the same net is connected to more than one pin on submodule 'am_row1[18].am1'. (LINT-33)
   Net '*Logic0*' is connected to pins 'x', 'y''.
Warning: In design 'mac_step1', the same net is connected to more than one pin on submodule 'am_row1[19].am1'. (LINT-33)
   Net '*Logic0*' is connected to pins 'x', 'y''.
Warning: In design 'mac_step1', the same net is connected to more than one pin on submodule 'am_row1[20].am1'. (LINT-33)
   Net '*Logic0*' is connected to pins 'x', 'y''.
Warning: In design 'mac_step1', the same net is connected to more than one pin on submodule 'am_row1[21].am1'. (LINT-33)
   Net '*Logic0*' is connected to pins 'x', 'y''.
Warning: In design 'mac_step1', the same net is connected to more than one pin on submodule 'psum24_row[2].psum24_col[0].am24'. (LINT-33)
   Net '*Logic0*' is connected to pins 'x', 'ci''.
Warning: In design 'mac_step1', the same net is connected to more than one pin on submodule 'psum24_row[3].psum24_col[0].am24'. (LINT-33)
   Net '*Logic0*' is connected to pins 'x', 'ci''.
Warning: In design 'mac_step1', the same net is connected to more than one pin on submodule 'psum24_row[4].psum24_col[0].am24'. (LINT-33)
   Net '*Logic0*' is connected to pins 'x', 'ci''.
1
