 
****************************************
Report : area
Design : fp_mac
Version: O-2018.06-SP4
Date   : Fri Dec 23 20:10:56 2022
****************************************

Information: Updating design information... (UID-85)
Library(s) Used:

    saed32rvt_ff1p16vn40c (File: /data/SYNOPSYS/lib/32nm/SAED32_EDK/lib/stdcell_rvt/db_ccs/saed32rvt_ff1p16vn40c.db)

Number of ports:                         2812
Number of nets:                          5753
Number of cells:                         3292
Number of combinational cells:           2435
Number of sequential cells:               391
Number of macros/black boxes:               0
Number of buf/inv:                        276
Number of references:                       8

Combinational area:               6820.970844
Buf/Inv area:                      390.365191
Noncombinational area:            2782.368560
Macro/Black Box area:                0.000000
Net Interconnect area:            1885.103536

Total cell area:                  9603.339404
Total area:                      11488.442941
1
