version: (200506)

available memory: 64M bytes
used memory: 81920 bytes [need 80K bytes if disable swap]

used block: 3 [memory(3) file(0)]
                 [ 8K(2) 64K(1) { total 80K bytes } ]
overhead: (9522) bytes for (3) blocks [Average: (3174) bytes/block]

write  => 0(times) 0K(bytes) [0K bytes to file]
read   => 1(times) 41K(bytes) [5K bytes compressed data from file]
access => 21266(times) 169M(bytes)
          [hit ratio: 99.9953%]

time: write(0) read(0)  unit: second

swap file directory: (/home/capstone9/capstone/lab4_front-end_ver4/SIM/PRE/VerdiLog)
used swap file number: (1)



swap file manager:
arrSize: (256)
idxCnt: (3)
closeHead: (1)
closeTail: (2)
openCnt: (2)
fid(2): fd(21) fileName(/home/capstone9/capstone/lab4_front-end_ver4/SIM/PRE/VerdiLog/_swap_0001#1755720483#29743)
	size(0) lastModTime(0) curModTime(1671786148)
	mode(w+b)	hot(0) cool(1) pos(0)
fid(1): fd(1073741824) fileName(/home/capstone9/capstone/lab4_front-end_ver4/SIM/PRE/simv.daidir/kdb.elab++/work.lib++/tb_fp_mac.v.tdc)
	size(13358) lastModTime(1671786103) curModTime(1671786103)
	mode(rb)	hot(2) cool(0) pos(0)
fid(0): fd(0) fileName(NULL)
	mode(NULL)	hot(0) cool(0) pos(0)
==================================================
mySelf(15d30570) pre(133702c0) next(0)
version(200506)
date(Jul 27 2017 21:29:45)
