 
****************************************
Report : area
Design : fp_mac
Version: O-2018.06-SP4
Date   : Fri Dec 23 16:41:27 2022
****************************************

Information: Updating design information... (UID-85)
Warning: Design 'fp_mac' contains 1 high-fanout nets. A fanout number of 1000 will be used for delay calculations involving these nets. (TIM-134)
Library(s) Used:

    saed32rvt_ff1p16vn40c (File: /data/SYNOPSYS/lib/32nm/SAED32_EDK/lib/stdcell_rvt/db_ccs/saed32rvt_ff1p16vn40c.db)

Number of ports:                         4290
Number of nets:                          9085
Number of cells:                         5259
Number of combinational cells:           2722
Number of sequential cells:              1924
Number of macros/black boxes:               0
Number of buf/inv:                        421
Number of references:                       4

Combinational area:               7407.026915
Buf/Inv area:                      609.691468
Noncombinational area:           13612.969468
Macro/Black Box area:                0.000000
Net Interconnect area:            5116.742000

Total cell area:                 21019.996383
Total area:                      26136.738383
1
