Information: Evaluating DesignWare library utilization. (UISN-27)

============================================================================
| DesignWare Building Block Library  |         Version         | Available |
============================================================================
| Basic DW Building Blocks           | O-2018.06-DWBB_201806.4 |     *     |
| Licensed DW Building Blocks        | O-2018.06-DWBB_201806.4 |     *     |
============================================================================


Information: There are 139 potential problems in your design. Please run 'check_design' for more information. (LINT-99)


Warning: Operating condition ff1p16vn40c set on design fp_mac has different process,
voltage and temperatures parameters than the parameters at which target library 
saed32rvt_ss0p95v125c is characterized. Delays may be inaccurate as a result. (OPT-998)

  Beginning Pass 1 Mapping
  ------------------------
  Processing 'result_adder_status'
  Processing 'step5_adder_status'
  Processing 'fr_round'
  Processing 'step4_adder_status'
  Processing 'fr_normalize'
  Processing 'step3_adder_status'
  Processing 'fr_firstone'
Information: The register 'count_reg[7]' is a constant and will be removed. (OPT-1206)
Information: The register 'count_reg[6]' is a constant and will be removed. (OPT-1206)
Information: The register 'count_reg[5]' is a constant and will be removed. (OPT-1206)
  Processing 'temporary_box_add_0'
  Processing 'step2_adder_status'
  Processing 'KS_step6'
  Processing 'G_Cell_0'
  Processing 'KS_step5'
  Processing 'B_Cell_0'
  Processing 'KS_step4'
Information: The register 'out_GG_reg[24]' is a constant and will be removed. (OPT-1206)
Information: The register 'out_GG_reg[23]' is a constant and will be removed. (OPT-1206)
Information: The register 'out_GG_reg[22]' is a constant and will be removed. (OPT-1206)
Information: The register 'out_GG_reg[21]' is a constant and will be removed. (OPT-1206)
Information: The register 'out_GG_reg[20]' is a constant and will be removed. (OPT-1206)
Information: The register 'out_GG_reg[19]' is a constant and will be removed. (OPT-1206)
Information: The register 'out_GG_reg[18]' is a constant and will be removed. (OPT-1206)
Information: The register 'out_GG_reg[17]' is a constant and will be removed. (OPT-1206)
Information: The register 'out_GG_reg[16]' is a constant and will be removed. (OPT-1206)
  Processing 'KS_step3'
Information: The register 'out_GG_reg[24]' is a constant and will be removed. (OPT-1206)
Information: The register 'out_GG_reg[23]' is a constant and will be removed. (OPT-1206)
Information: The register 'out_GG_reg[22]' is a constant and will be removed. (OPT-1206)
Information: The register 'out_GG_reg[21]' is a constant and will be removed. (OPT-1206)
Information: The register 'out_GG_reg[20]' is a constant and will be removed. (OPT-1206)
Information: The register 'out_GG_reg[19]' is a constant and will be removed. (OPT-1206)
Information: The register 'out_GG_reg[18]' is a constant and will be removed. (OPT-1206)
Information: The register 'out_GG_reg[17]' is a constant and will be removed. (OPT-1206)
Information: The register 'out_GG_reg[16]' is a constant and will be removed. (OPT-1206)
Information: The register 'out_GG_reg[15]' is a constant and will be removed. (OPT-1206)
Information: The register 'out_GG_reg[14]' is a constant and will be removed. (OPT-1206)
Information: The register 'out_GG_reg[13]' is a constant and will be removed. (OPT-1206)
Information: The register 'out_GG_reg[12]' is a constant and will be removed. (OPT-1206)
Information: The register 'out_GG_reg[11]' is a constant and will be removed. (OPT-1206)
Information: The register 'out_GG_reg[10]' is a constant and will be removed. (OPT-1206)
Information: The register 'out_GG_reg[9]' is a constant and will be removed. (OPT-1206)
Information: The register 'out_GG_reg[8]' is a constant and will be removed. (OPT-1206)
Information: The register 'out_P3_reg[7]' is a constant and will be removed. (OPT-1206)
Information: The register 'out_P3_reg[6]' is a constant and will be removed. (OPT-1206)
Information: The register 'out_P3_reg[5]' is a constant and will be removed. (OPT-1206)
Information: The register 'out_P3_reg[4]' is a constant and will be removed. (OPT-1206)
Information: The register 'out_P3_reg[3]' is a constant and will be removed. (OPT-1206)
Information: The register 'out_P3_reg[2]' is a constant and will be removed. (OPT-1206)
Information: The register 'out_P3_reg[1]' is a constant and will be removed. (OPT-1206)
Information: The register 'out_P3_reg[0]' is a constant and will be removed. (OPT-1206)
  Processing 'KS_step2'
Information: The register 'out_GG_reg[24]' is a constant and will be removed. (OPT-1206)
Information: The register 'out_GG_reg[23]' is a constant and will be removed. (OPT-1206)
Information: The register 'out_GG_reg[22]' is a constant and will be removed. (OPT-1206)
Information: The register 'out_GG_reg[21]' is a constant and will be removed. (OPT-1206)
Information: The register 'out_GG_reg[20]' is a constant and will be removed. (OPT-1206)
Information: The register 'out_GG_reg[19]' is a constant and will be removed. (OPT-1206)
Information: The register 'out_GG_reg[18]' is a constant and will be removed. (OPT-1206)
Information: The register 'out_GG_reg[17]' is a constant and will be removed. (OPT-1206)
Information: The register 'out_GG_reg[16]' is a constant and will be removed. (OPT-1206)
Information: The register 'out_GG_reg[15]' is a constant and will be removed. (OPT-1206)
Information: The register 'out_GG_reg[14]' is a constant and will be removed. (OPT-1206)
Information: The register 'out_GG_reg[13]' is a constant and will be removed. (OPT-1206)
Information: The register 'out_GG_reg[12]' is a constant and will be removed. (OPT-1206)
Information: The register 'out_GG_reg[11]' is a constant and will be removed. (OPT-1206)
Information: The register 'out_GG_reg[10]' is a constant and will be removed. (OPT-1206)
Information: The register 'out_GG_reg[9]' is a constant and will be removed. (OPT-1206)
Information: The register 'out_GG_reg[8]' is a constant and will be removed. (OPT-1206)
Information: The register 'out_GG_reg[7]' is a constant and will be removed. (OPT-1206)
Information: The register 'out_GG_reg[6]' is a constant and will be removed. (OPT-1206)
Information: The register 'out_GG_reg[5]' is a constant and will be removed. (OPT-1206)
Information: The register 'out_GG_reg[4]' is a constant and will be removed. (OPT-1206)
Information: The register 'out_P2_reg[3]' is a constant and will be removed. (OPT-1206)
Information: The register 'out_P2_reg[2]' is a constant and will be removed. (OPT-1206)
Information: The register 'out_P2_reg[1]' is a constant and will be removed. (OPT-1206)
Information: The register 'out_P2_reg[0]' is a constant and will be removed. (OPT-1206)
  Processing 'KS_step1'
Information: The register 'out_GG_reg[24]' is a constant and will be removed. (OPT-1206)
Information: The register 'out_GG_reg[23]' is a constant and will be removed. (OPT-1206)
Information: The register 'out_GG_reg[22]' is a constant and will be removed. (OPT-1206)
Information: The register 'out_GG_reg[21]' is a constant and will be removed. (OPT-1206)
Information: The register 'out_GG_reg[20]' is a constant and will be removed. (OPT-1206)
Information: The register 'out_GG_reg[19]' is a constant and will be removed. (OPT-1206)
Information: The register 'out_GG_reg[18]' is a constant and will be removed. (OPT-1206)
Information: The register 'out_GG_reg[17]' is a constant and will be removed. (OPT-1206)
Information: The register 'out_GG_reg[16]' is a constant and will be removed. (OPT-1206)
Information: The register 'out_GG_reg[15]' is a constant and will be removed. (OPT-1206)
Information: The register 'out_GG_reg[14]' is a constant and will be removed. (OPT-1206)
Information: The register 'out_GG_reg[13]' is a constant and will be removed. (OPT-1206)
Information: The register 'out_GG_reg[12]' is a constant and will be removed. (OPT-1206)
Information: The register 'out_GG_reg[11]' is a constant and will be removed. (OPT-1206)
Information: The register 'out_GG_reg[10]' is a constant and will be removed. (OPT-1206)
Information: The register 'out_GG_reg[9]' is a constant and will be removed. (OPT-1206)
Information: The register 'out_GG_reg[8]' is a constant and will be removed. (OPT-1206)
Information: The register 'out_GG_reg[7]' is a constant and will be removed. (OPT-1206)
Information: The register 'out_GG_reg[6]' is a constant and will be removed. (OPT-1206)
Information: The register 'out_GG_reg[5]' is a constant and will be removed. (OPT-1206)
Information: The register 'out_GG_reg[4]' is a constant and will be removed. (OPT-1206)
Information: The register 'out_GG_reg[3]' is a constant and will be removed. (OPT-1206)
Information: The register 'out_GG_reg[2]' is a constant and will be removed. (OPT-1206)
Information: The register 'out_P1_reg[1]' is a constant and will be removed. (OPT-1206)
Information: The register 'out_P1_reg[0]' is a constant and will be removed. (OPT-1206)
  Processing 'fr_adder_prepare'
Information: The register 'G0_reg[0]' is a constant and will be removed. (OPT-1206)
Information: The register 'P0_reg[0]' is a constant and will be removed. (OPT-1206)
  Processing 'fr_adder_pre'
Information: Added key list 'DesignWare' to design 'fr_adder_pre'. (DDB-72)
  Processing 'fr_adder'
  Processing 'fr_shifter'
  Processing 'step1_adder_status'
  Processing 'ex_comparison'
  Processing 'float_adder'
  Processing 'temporary_box_0'
  Processing 'sum_out_buffer'
  Processing 'result_status'
  Processing 'sg_normalizer'
Information: The register 'sig_nor_out_reg[1]' is a constant and will be removed. (OPT-1206)
Information: The register 'sig_nor_out_reg[0]' is a constant and will be removed. (OPT-1206)
  Processing 'step4_status'
  Processing 'sg_firstone'
  Processing 'step3_status'
  Processing 'full_adder_0'
  Processing 'sg_multiplier'
Information: The register 'temp_s_reg[0][21]' is a constant and will be removed. (OPT-1206)
Information: The register 'temp_s_reg[0][20]' is a constant and will be removed. (OPT-1206)
Information: The register 'temp_s_reg[0][19]' is a constant and will be removed. (OPT-1206)
Information: The register 'temp_s_reg[0][18]' is a constant and will be removed. (OPT-1206)
Information: The register 'temp_s_reg[0][17]' is a constant and will be removed. (OPT-1206)
Information: The register 'temp_s_reg[0][16]' is a constant and will be removed. (OPT-1206)
Information: The register 'temp_s_reg[0][15]' is a constant and will be removed. (OPT-1206)
Information: The register 'temp_s_reg[0][14]' is a constant and will be removed. (OPT-1206)
Information: The register 'temp_s_reg[0][13]' is a constant and will be removed. (OPT-1206)
Information: The register 'temp_s_reg[0][12]' is a constant and will be removed. (OPT-1206)
Information: The register 'temp_s_reg[0][11]' is a constant and will be removed. (OPT-1206)
Information: The register 'temp_p_reg[1][10][21]' is a constant and will be removed. (OPT-1206)
Information: The register 'temp_p_reg[2][10][21]' is a constant and will be removed. (OPT-1206)
Information: The register 'temp_p_reg[3][10][21]' is a constant and will be removed. (OPT-1206)
Information: The register 'temp_p_reg[4][10][21]' is a constant and will be removed. (OPT-1206)
Information: The register 'temp_p_reg[5][10][21]' is a constant and will be removed. (OPT-1206)
Information: The register 'temp_p_reg[6][10][21]' is a constant and will be removed. (OPT-1206)
Information: The register 'temp_p_reg[7][10][21]' is a constant and will be removed. (OPT-1206)
Information: The register 'temp_p_reg[8][10][21]' is a constant and will be removed. (OPT-1206)
Information: The register 'temp_p_reg[9][10][21]' is a constant and will be removed. (OPT-1206)
Information: The register 'temp_p_reg[10][10][21]' is a constant and will be removed. (OPT-1206)
Information: The register 'temp_p_reg[1][10][9]' is a constant and will be removed. (OPT-1206)
Information: The register 'temp_p_reg[2][10][9]' is a constant and will be removed. (OPT-1206)
Information: The register 'temp_p_reg[3][10][9]' is a constant and will be removed. (OPT-1206)
Information: The register 'temp_p_reg[4][10][9]' is a constant and will be removed. (OPT-1206)
Information: The register 'temp_p_reg[5][10][9]' is a constant and will be removed. (OPT-1206)
Information: The register 'temp_p_reg[6][10][9]' is a constant and will be removed. (OPT-1206)
Information: The register 'temp_p_reg[7][10][9]' is a constant and will be removed. (OPT-1206)
Information: The register 'temp_p_reg[8][10][9]' is a constant and will be removed. (OPT-1206)
Information: The register 'temp_p_reg[9][10][9]' is a constant and will be removed. (OPT-1206)
Information: The register 'temp_p_reg[10][10][9]' is a constant and will be removed. (OPT-1206)
Information: The register 'temp_p_reg[1][10][8]' is a constant and will be removed. (OPT-1206)
Information: The register 'temp_p_reg[2][10][8]' is a constant and will be removed. (OPT-1206)
Information: The register 'temp_p_reg[3][10][8]' is a constant and will be removed. (OPT-1206)
Information: The register 'temp_p_reg[4][10][8]' is a constant and will be removed. (OPT-1206)
Information: The register 'temp_p_reg[5][10][8]' is a constant and will be removed. (OPT-1206)
Information: The register 'temp_p_reg[6][10][8]' is a constant and will be removed. (OPT-1206)
Information: The register 'temp_p_reg[7][10][8]' is a constant and will be removed. (OPT-1206)
Information: The register 'temp_p_reg[8][10][8]' is a constant and will be removed. (OPT-1206)
Information: The register 'temp_p_reg[9][10][8]' is a constant and will be removed. (OPT-1206)
Information: The register 'temp_p_reg[10][10][8]' is a constant and will be removed. (OPT-1206)
Information: The register 'temp_p_reg[1][10][7]' is a constant and will be removed. (OPT-1206)
Information: The register 'temp_p_reg[2][10][7]' is a constant and will be removed. (OPT-1206)
Information: The register 'temp_p_reg[3][10][7]' is a constant and will be removed. (OPT-1206)
Information: The register 'temp_p_reg[4][10][7]' is a constant and will be removed. (OPT-1206)
Information: The register 'temp_p_reg[5][10][7]' is a constant and will be removed. (OPT-1206)
Information: The register 'temp_p_reg[6][10][7]' is a constant and will be removed. (OPT-1206)
Information: The register 'temp_p_reg[7][10][7]' is a constant and will be removed. (OPT-1206)
Information: The register 'temp_p_reg[8][10][7]' is a constant and will be removed. (OPT-1206)
Information: The register 'temp_p_reg[9][10][7]' is a constant and will be removed. (OPT-1206)
Information: The register 'temp_p_reg[10][10][7]' is a constant and will be removed. (OPT-1206)
Information: The register 'temp_p_reg[1][10][6]' is a constant and will be removed. (OPT-1206)
Information: The register 'temp_p_reg[2][10][6]' is a constant and will be removed. (OPT-1206)
Information: The register 'temp_p_reg[3][10][6]' is a constant and will be removed. (OPT-1206)
Information: The register 'temp_p_reg[4][10][6]' is a constant and will be removed. (OPT-1206)
Information: The register 'temp_p_reg[5][10][6]' is a constant and will be removed. (OPT-1206)
Information: The register 'temp_p_reg[6][10][6]' is a constant and will be removed. (OPT-1206)
Information: The register 'temp_p_reg[7][10][6]' is a constant and will be removed. (OPT-1206)
Information: The register 'temp_p_reg[8][10][6]' is a constant and will be removed. (OPT-1206)
Information: The register 'temp_p_reg[9][10][6]' is a constant and will be removed. (OPT-1206)
Information: The register 'temp_p_reg[10][10][6]' is a constant and will be removed. (OPT-1206)
Information: The register 'temp_p_reg[1][10][5]' is a constant and will be removed. (OPT-1206)
Information: The register 'temp_p_reg[2][10][5]' is a constant and will be removed. (OPT-1206)
Information: The register 'temp_p_reg[3][10][5]' is a constant and will be removed. (OPT-1206)
Information: The register 'temp_p_reg[4][10][5]' is a constant and will be removed. (OPT-1206)
Information: The register 'temp_p_reg[5][10][5]' is a constant and will be removed. (OPT-1206)
Information: The register 'temp_p_reg[6][10][5]' is a constant and will be removed. (OPT-1206)
Information: The register 'temp_p_reg[7][10][5]' is a constant and will be removed. (OPT-1206)
Information: The register 'temp_p_reg[8][10][5]' is a constant and will be removed. (OPT-1206)
Information: The register 'temp_p_reg[9][10][5]' is a constant and will be removed. (OPT-1206)
Information: The register 'temp_p_reg[10][10][5]' is a constant and will be removed. (OPT-1206)
Information: The register 'temp_p_reg[1][10][4]' is a constant and will be removed. (OPT-1206)
Information: The register 'temp_p_reg[2][10][4]' is a constant and will be removed. (OPT-1206)
Information: The register 'temp_p_reg[3][10][4]' is a constant and will be removed. (OPT-1206)
Information: The register 'temp_p_reg[4][10][4]' is a constant and will be removed. (OPT-1206)
Information: The register 'temp_p_reg[5][10][4]' is a constant and will be removed. (OPT-1206)
Information: The register 'temp_p_reg[6][10][4]' is a constant and will be removed. (OPT-1206)
Information: The register 'temp_p_reg[7][10][4]' is a constant and will be removed. (OPT-1206)
Information: The register 'temp_p_reg[8][10][4]' is a constant and will be removed. (OPT-1206)
Information: The register 'temp_p_reg[9][10][4]' is a constant and will be removed. (OPT-1206)
Information: The register 'temp_p_reg[10][10][4]' is a constant and will be removed. (OPT-1206)
Information: The register 'temp_p_reg[1][10][3]' is a constant and will be removed. (OPT-1206)
Information: The register 'temp_p_reg[2][10][3]' is a constant and will be removed. (OPT-1206)
Information: The register 'temp_p_reg[3][10][3]' is a constant and will be removed. (OPT-1206)
Information: The register 'temp_p_reg[4][10][3]' is a constant and will be removed. (OPT-1206)
Information: The register 'temp_p_reg[5][10][3]' is a constant and will be removed. (OPT-1206)
Information: The register 'temp_p_reg[6][10][3]' is a constant and will be removed. (OPT-1206)
Information: The register 'temp_p_reg[7][10][3]' is a constant and will be removed. (OPT-1206)
Information: The register 'temp_p_reg[8][10][3]' is a constant and will be removed. (OPT-1206)
Information: The register 'temp_p_reg[9][10][3]' is a constant and will be removed. (OPT-1206)
Information: The register 'temp_p_reg[10][10][3]' is a constant and will be removed. (OPT-1206)
Information: The register 'temp_p_reg[1][10][2]' is a constant and will be removed. (OPT-1206)
Information: The register 'temp_p_reg[2][10][2]' is a constant and will be removed. (OPT-1206)
Information: The register 'temp_p_reg[3][10][2]' is a constant and will be removed. (OPT-1206)
Information: The register 'temp_p_reg[4][10][2]' is a constant and will be removed. (OPT-1206)
Information: The register 'temp_p_reg[5][10][2]' is a constant and will be removed. (OPT-1206)
Information: The register 'temp_p_reg[6][10][2]' is a constant and will be removed. (OPT-1206)
Information: The register 'temp_p_reg[7][10][2]' is a constant and will be removed. (OPT-1206)
Information: The register 'temp_p_reg[8][10][2]' is a constant and will be removed. (OPT-1206)
Information: The register 'temp_p_reg[9][10][2]' is a constant and will be removed. (OPT-1206)
Information: The register 'temp_p_reg[10][10][2]' is a constant and will be removed. (OPT-1206)
Information: The register 'temp_p_reg[1][10][1]' is a constant and will be removed. (OPT-1206)
Information: The register 'temp_p_reg[2][10][1]' is a constant and will be removed. (OPT-1206)
Information: The register 'temp_p_reg[3][10][1]' is a constant and will be removed. (OPT-1206)
Information: The register 'temp_p_reg[4][10][1]' is a constant and will be removed. (OPT-1206)
Information: The register 'temp_p_reg[5][10][1]' is a constant and will be removed. (OPT-1206)
Information: The register 'temp_p_reg[6][10][1]' is a constant and will be removed. (OPT-1206)
Information: The register 'temp_p_reg[7][10][1]' is a constant and will be removed. (OPT-1206)
Information: The register 'temp_p_reg[8][10][1]' is a constant and will be removed. (OPT-1206)
Information: The register 'temp_p_reg[9][10][1]' is a constant and will be removed. (OPT-1206)
Information: The register 'temp_p_reg[10][10][1]' is a constant and will be removed. (OPT-1206)
Information: The register 'temp_p_reg[1][10][0]' is a constant and will be removed. (OPT-1206)
Information: The register 'temp_p_reg[2][10][0]' is a constant and will be removed. (OPT-1206)
Information: The register 'temp_p_reg[3][10][0]' is a constant and will be removed. (OPT-1206)
Information: The register 'temp_p_reg[4][10][0]' is a constant and will be removed. (OPT-1206)
Information: The register 'temp_p_reg[5][10][0]' is a constant and will be removed. (OPT-1206)
Information: The register 'temp_p_reg[6][10][0]' is a constant and will be removed. (OPT-1206)
Information: The register 'temp_p_reg[7][10][0]' is a constant and will be removed. (OPT-1206)
Information: The register 'temp_p_reg[8][10][0]' is a constant and will be removed. (OPT-1206)
Information: The register 'temp_p_reg[9][10][0]' is a constant and will be removed. (OPT-1206)
Information: The register 'temp_p_reg[10][10][0]' is a constant and will be removed. (OPT-1206)
Information: The register 'temp_p_reg[1][9][21]' is a constant and will be removed. (OPT-1206)
Information: The register 'temp_p_reg[2][9][21]' is a constant and will be removed. (OPT-1206)
Information: The register 'temp_p_reg[3][9][21]' is a constant and will be removed. (OPT-1206)
Information: The register 'temp_p_reg[4][9][21]' is a constant and will be removed. (OPT-1206)
Information: The register 'temp_p_reg[5][9][21]' is a constant and will be removed. (OPT-1206)
Information: The register 'temp_p_reg[6][9][21]' is a constant and will be removed. (OPT-1206)
Information: The register 'temp_p_reg[7][9][21]' is a constant and will be removed. (OPT-1206)
Information: The register 'temp_p_reg[8][9][21]' is a constant and will be removed. (OPT-1206)
Information: The register 'temp_p_reg[9][9][21]' is a constant and will be removed. (OPT-1206)
Information: The register 'temp_p_reg[1][9][20]' is a constant and will be removed. (OPT-1206)
Information: The register 'temp_p_reg[2][9][20]' is a constant and will be removed. (OPT-1206)
Information: The register 'temp_p_reg[3][9][20]' is a constant and will be removed. (OPT-1206)
Information: The register 'temp_p_reg[4][9][20]' is a constant and will be removed. (OPT-1206)
Information: The register 'temp_p_reg[5][9][20]' is a constant and will be removed. (OPT-1206)
Information: The register 'temp_p_reg[6][9][20]' is a constant and will be removed. (OPT-1206)
Information: The register 'temp_p_reg[7][9][20]' is a constant and will be removed. (OPT-1206)
Information: The register 'temp_p_reg[8][9][20]' is a constant and will be removed. (OPT-1206)
Information: The register 'temp_p_reg[9][9][20]' is a constant and will be removed. (OPT-1206)
Information: The register 'temp_p_reg[1][9][8]' is a constant and will be removed. (OPT-1206)
Information: The register 'temp_p_reg[2][9][8]' is a constant and will be removed. (OPT-1206)
Information: The register 'temp_p_reg[3][9][8]' is a constant and will be removed. (OPT-1206)
Information: The register 'temp_p_reg[4][9][8]' is a constant and will be removed. (OPT-1206)
Information: The register 'temp_p_reg[5][9][8]' is a constant and will be removed. (OPT-1206)
Information: The register 'temp_p_reg[6][9][8]' is a constant and will be removed. (OPT-1206)
Information: The register 'temp_p_reg[7][9][8]' is a constant and will be removed. (OPT-1206)
Information: The register 'temp_p_reg[8][9][8]' is a constant and will be removed. (OPT-1206)
Information: The register 'temp_p_reg[9][9][8]' is a constant and will be removed. (OPT-1206)
Information: The register 'temp_p_reg[1][9][7]' is a constant and will be removed. (OPT-1206)
Information: The register 'temp_p_reg[2][9][7]' is a constant and will be removed. (OPT-1206)
Information: The register 'temp_p_reg[3][9][7]' is a constant and will be removed. (OPT-1206)
Information: The register 'temp_p_reg[4][9][7]' is a constant and will be removed. (OPT-1206)
Information: The register 'temp_p_reg[5][9][7]' is a constant and will be removed. (OPT-1206)
Information: The register 'temp_p_reg[6][9][7]' is a constant and will be removed. (OPT-1206)
Information: The register 'temp_p_reg[7][9][7]' is a constant and will be removed. (OPT-1206)
Information: The register 'temp_p_reg[8][9][7]' is a constant and will be removed. (OPT-1206)
Information: The register 'temp_p_reg[9][9][7]' is a constant and will be removed. (OPT-1206)
Information: The register 'temp_p_reg[1][9][6]' is a constant and will be removed. (OPT-1206)
Information: The register 'temp_p_reg[2][9][6]' is a constant and will be removed. (OPT-1206)
Information: The register 'temp_p_reg[3][9][6]' is a constant and will be removed. (OPT-1206)
Information: The register 'temp_p_reg[4][9][6]' is a constant and will be removed. (OPT-1206)
Information: The register 'temp_p_reg[5][9][6]' is a constant and will be removed. (OPT-1206)
Information: The register 'temp_p_reg[6][9][6]' is a constant and will be removed. (OPT-1206)
Information: The register 'temp_p_reg[7][9][6]' is a constant and will be removed. (OPT-1206)
Information: The register 'temp_p_reg[8][9][6]' is a constant and will be removed. (OPT-1206)
Information: The register 'temp_p_reg[9][9][6]' is a constant and will be removed. (OPT-1206)
Information: The register 'temp_p_reg[1][9][5]' is a constant and will be removed. (OPT-1206)
Information: The register 'temp_p_reg[2][9][5]' is a constant and will be removed. (OPT-1206)
Information: The register 'temp_p_reg[3][9][5]' is a constant and will be removed. (OPT-1206)
Information: The register 'temp_p_reg[4][9][5]' is a constant and will be removed. (OPT-1206)
Information: The register 'temp_p_reg[5][9][5]' is a constant and will be removed. (OPT-1206)
Information: The register 'temp_p_reg[6][9][5]' is a constant and will be removed. (OPT-1206)
Information: The register 'temp_p_reg[7][9][5]' is a constant and will be removed. (OPT-1206)
Information: The register 'temp_p_reg[8][9][5]' is a constant and will be removed. (OPT-1206)
Information: The register 'temp_p_reg[9][9][5]' is a constant and will be removed. (OPT-1206)
Information: The register 'temp_p_reg[1][9][4]' is a constant and will be removed. (OPT-1206)
Information: The register 'temp_p_reg[2][9][4]' is a constant and will be removed. (OPT-1206)
Information: The register 'temp_p_reg[3][9][4]' is a constant and will be removed. (OPT-1206)
Information: The register 'temp_p_reg[4][9][4]' is a constant and will be removed. (OPT-1206)
Information: The register 'temp_p_reg[5][9][4]' is a constant and will be removed. (OPT-1206)
Information: The register 'temp_p_reg[6][9][4]' is a constant and will be removed. (OPT-1206)
Information: The register 'temp_p_reg[7][9][4]' is a constant and will be removed. (OPT-1206)
Information: The register 'temp_p_reg[8][9][4]' is a constant and will be removed. (OPT-1206)
Information: The register 'temp_p_reg[9][9][4]' is a constant and will be removed. (OPT-1206)
Information: The register 'temp_p_reg[1][9][3]' is a constant and will be removed. (OPT-1206)
Information: The register 'temp_p_reg[2][9][3]' is a constant and will be removed. (OPT-1206)
Information: The register 'temp_p_reg[3][9][3]' is a constant and will be removed. (OPT-1206)
Information: The register 'temp_p_reg[4][9][3]' is a constant and will be removed. (OPT-1206)
Information: The register 'temp_p_reg[5][9][3]' is a constant and will be removed. (OPT-1206)
Information: The register 'temp_p_reg[6][9][3]' is a constant and will be removed. (OPT-1206)
Information: The register 'temp_p_reg[7][9][3]' is a constant and will be removed. (OPT-1206)
Information: The register 'temp_p_reg[8][9][3]' is a constant and will be removed. (OPT-1206)
Information: The register 'temp_p_reg[9][9][3]' is a constant and will be removed. (OPT-1206)
Information: The register 'temp_p_reg[1][9][2]' is a constant and will be removed. (OPT-1206)
Information: The register 'temp_p_reg[2][9][2]' is a constant and will be removed. (OPT-1206)
Information: The register 'temp_p_reg[3][9][2]' is a constant and will be removed. (OPT-1206)
Information: The register 'temp_p_reg[4][9][2]' is a constant and will be removed. (OPT-1206)
Information: The register 'temp_p_reg[5][9][2]' is a constant and will be removed. (OPT-1206)
Information: The register 'temp_p_reg[6][9][2]' is a constant and will be removed. (OPT-1206)
Information: The register 'temp_p_reg[7][9][2]' is a constant and will be removed. (OPT-1206)
Information: The register 'temp_p_reg[8][9][2]' is a constant and will be removed. (OPT-1206)
Information: The register 'temp_p_reg[9][9][2]' is a constant and will be removed. (OPT-1206)
Information: The register 'temp_p_reg[1][9][1]' is a constant and will be removed. (OPT-1206)
Information: The register 'temp_p_reg[2][9][1]' is a constant and will be removed. (OPT-1206)
Information: The register 'temp_p_reg[3][9][1]' is a constant and will be removed. (OPT-1206)
Information: The register 'temp_p_reg[4][9][1]' is a constant and will be removed. (OPT-1206)
Information: The register 'temp_p_reg[5][9][1]' is a constant and will be removed. (OPT-1206)
Information: The register 'temp_p_reg[6][9][1]' is a constant and will be removed. (OPT-1206)
Information: The register 'temp_p_reg[7][9][1]' is a constant and will be removed. (OPT-1206)
Information: The register 'temp_p_reg[8][9][1]' is a constant and will be removed. (OPT-1206)
Information: The register 'temp_p_reg[9][9][1]' is a constant and will be removed. (OPT-1206)
Information: The register 'temp_p_reg[1][9][0]' is a constant and will be removed. (OPT-1206)
Information: The register 'temp_p_reg[2][9][0]' is a constant and will be removed. (OPT-1206)
Information: The register 'temp_p_reg[3][9][0]' is a constant and will be removed. (OPT-1206)
Information: The register 'temp_p_reg[4][9][0]' is a constant and will be removed. (OPT-1206)
Information: The register 'temp_p_reg[5][9][0]' is a constant and will be removed. (OPT-1206)
Information: The register 'temp_p_reg[6][9][0]' is a constant and will be removed. (OPT-1206)
Information: The register 'temp_p_reg[7][9][0]' is a constant and will be removed. (OPT-1206)
Information: The register 'temp_p_reg[8][9][0]' is a constant and will be removed. (OPT-1206)
Information: The register 'temp_p_reg[9][9][0]' is a constant and will be removed. (OPT-1206)
Information: The register 'temp_p_reg[1][8][21]' is a constant and will be removed. (OPT-1206)
Information: The register 'temp_p_reg[2][8][21]' is a constant and will be removed. (OPT-1206)
Information: The register 'temp_p_reg[3][8][21]' is a constant and will be removed. (OPT-1206)
Information: The register 'temp_p_reg[4][8][21]' is a constant and will be removed. (OPT-1206)
Information: The register 'temp_p_reg[5][8][21]' is a constant and will be removed. (OPT-1206)
Information: The register 'temp_p_reg[6][8][21]' is a constant and will be removed. (OPT-1206)
Information: The register 'temp_p_reg[7][8][21]' is a constant and will be removed. (OPT-1206)
Information: The register 'temp_p_reg[8][8][21]' is a constant and will be removed. (OPT-1206)
Information: The register 'temp_p_reg[1][8][20]' is a constant and will be removed. (OPT-1206)
Information: The register 'temp_p_reg[2][8][20]' is a constant and will be removed. (OPT-1206)
Information: The register 'temp_p_reg[3][8][20]' is a constant and will be removed. (OPT-1206)
Information: The register 'temp_p_reg[4][8][20]' is a constant and will be removed. (OPT-1206)
Information: The register 'temp_p_reg[5][8][20]' is a constant and will be removed. (OPT-1206)
Information: The register 'temp_p_reg[6][8][20]' is a constant and will be removed. (OPT-1206)
Information: The register 'temp_p_reg[7][8][20]' is a constant and will be removed. (OPT-1206)
Information: The register 'temp_p_reg[8][8][20]' is a constant and will be removed. (OPT-1206)
Information: The register 'temp_p_reg[1][8][19]' is a constant and will be removed. (OPT-1206)
Information: The register 'temp_p_reg[2][8][19]' is a constant and will be removed. (OPT-1206)
Information: The register 'temp_p_reg[3][8][19]' is a constant and will be removed. (OPT-1206)
Information: The register 'temp_p_reg[4][8][19]' is a constant and will be removed. (OPT-1206)
Information: The register 'temp_p_reg[5][8][19]' is a constant and will be removed. (OPT-1206)
Information: The register 'temp_p_reg[6][8][19]' is a constant and will be removed. (OPT-1206)
Information: The register 'temp_p_reg[7][8][19]' is a constant and will be removed. (OPT-1206)
Information: The register 'temp_p_reg[8][8][19]' is a constant and will be removed. (OPT-1206)
Information: The register 'temp_p_reg[1][8][7]' is a constant and will be removed. (OPT-1206)
Information: The register 'temp_p_reg[2][8][7]' is a constant and will be removed. (OPT-1206)
Information: The register 'temp_p_reg[3][8][7]' is a constant and will be removed. (OPT-1206)
Information: The register 'temp_p_reg[4][8][7]' is a constant and will be removed. (OPT-1206)
Information: The register 'temp_p_reg[5][8][7]' is a constant and will be removed. (OPT-1206)
Information: The register 'temp_p_reg[6][8][7]' is a constant and will be removed. (OPT-1206)
Information: The register 'temp_p_reg[7][8][7]' is a constant and will be removed. (OPT-1206)
Information: The register 'temp_p_reg[8][8][7]' is a constant and will be removed. (OPT-1206)
Information: The register 'temp_p_reg[1][8][6]' is a constant and will be removed. (OPT-1206)
Information: The register 'temp_p_reg[2][8][6]' is a constant and will be removed. (OPT-1206)
Information: The register 'temp_p_reg[3][8][6]' is a constant and will be removed. (OPT-1206)
Information: The register 'temp_p_reg[4][8][6]' is a constant and will be removed. (OPT-1206)
Information: The register 'temp_p_reg[5][8][6]' is a constant and will be removed. (OPT-1206)
Information: The register 'temp_p_reg[6][8][6]' is a constant and will be removed. (OPT-1206)
Information: The register 'temp_p_reg[7][8][6]' is a constant and will be removed. (OPT-1206)
Information: The register 'temp_p_reg[8][8][6]' is a constant and will be removed. (OPT-1206)
Information: The register 'temp_p_reg[1][8][5]' is a constant and will be removed. (OPT-1206)
Information: The register 'temp_p_reg[2][8][5]' is a constant and will be removed. (OPT-1206)
Information: The register 'temp_p_reg[3][8][5]' is a constant and will be removed. (OPT-1206)
Information: The register 'temp_p_reg[4][8][5]' is a constant and will be removed. (OPT-1206)
Information: The register 'temp_p_reg[5][8][5]' is a constant and will be removed. (OPT-1206)
Information: The register 'temp_p_reg[6][8][5]' is a constant and will be removed. (OPT-1206)
Information: The register 'temp_p_reg[7][8][5]' is a constant and will be removed. (OPT-1206)
Information: The register 'temp_p_reg[8][8][5]' is a constant and will be removed. (OPT-1206)
Information: The register 'temp_p_reg[1][8][4]' is a constant and will be removed. (OPT-1206)
Information: The register 'temp_p_reg[2][8][4]' is a constant and will be removed. (OPT-1206)
Information: The register 'temp_p_reg[3][8][4]' is a constant and will be removed. (OPT-1206)
Information: The register 'temp_p_reg[4][8][4]' is a constant and will be removed. (OPT-1206)
Information: The register 'temp_p_reg[5][8][4]' is a constant and will be removed. (OPT-1206)
Information: The register 'temp_p_reg[6][8][4]' is a constant and will be removed. (OPT-1206)
Information: The register 'temp_p_reg[7][8][4]' is a constant and will be removed. (OPT-1206)
Information: The register 'temp_p_reg[8][8][4]' is a constant and will be removed. (OPT-1206)
Information: The register 'temp_p_reg[1][8][3]' is a constant and will be removed. (OPT-1206)
Information: The register 'temp_p_reg[2][8][3]' is a constant and will be removed. (OPT-1206)
Information: The register 'temp_p_reg[3][8][3]' is a constant and will be removed. (OPT-1206)
Information: The register 'temp_p_reg[4][8][3]' is a constant and will be removed. (OPT-1206)
Information: The register 'temp_p_reg[5][8][3]' is a constant and will be removed. (OPT-1206)
Information: The register 'temp_p_reg[6][8][3]' is a constant and will be removed. (OPT-1206)
Information: The register 'temp_p_reg[7][8][3]' is a constant and will be removed. (OPT-1206)
Information: The register 'temp_p_reg[8][8][3]' is a constant and will be removed. (OPT-1206)
Information: The register 'temp_p_reg[1][8][2]' is a constant and will be removed. (OPT-1206)
Information: The register 'temp_p_reg[2][8][2]' is a constant and will be removed. (OPT-1206)
Information: The register 'temp_p_reg[3][8][2]' is a constant and will be removed. (OPT-1206)
Information: The register 'temp_p_reg[4][8][2]' is a constant and will be removed. (OPT-1206)
Information: The register 'temp_p_reg[5][8][2]' is a constant and will be removed. (OPT-1206)
Information: The register 'temp_p_reg[6][8][2]' is a constant and will be removed. (OPT-1206)
Information: The register 'temp_p_reg[7][8][2]' is a constant and will be removed. (OPT-1206)
Information: The register 'temp_p_reg[8][8][2]' is a constant and will be removed. (OPT-1206)
Information: The register 'temp_p_reg[1][8][1]' is a constant and will be removed. (OPT-1206)
Information: The register 'temp_p_reg[2][8][1]' is a constant and will be removed. (OPT-1206)
Information: The register 'temp_p_reg[3][8][1]' is a constant and will be removed. (OPT-1206)
Information: The register 'temp_p_reg[4][8][1]' is a constant and will be removed. (OPT-1206)
Information: The register 'temp_p_reg[5][8][1]' is a constant and will be removed. (OPT-1206)
Information: The register 'temp_p_reg[6][8][1]' is a constant and will be removed. (OPT-1206)
Information: The register 'temp_p_reg[7][8][1]' is a constant and will be removed. (OPT-1206)
Information: The register 'temp_p_reg[8][8][1]' is a constant and will be removed. (OPT-1206)
Information: The register 'temp_p_reg[1][8][0]' is a constant and will be removed. (OPT-1206)
Information: The register 'temp_p_reg[2][8][0]' is a constant and will be removed. (OPT-1206)
Information: The register 'temp_p_reg[3][8][0]' is a constant and will be removed. (OPT-1206)
Information: The register 'temp_p_reg[4][8][0]' is a constant and will be removed. (OPT-1206)
Information: The register 'temp_p_reg[5][8][0]' is a constant and will be removed. (OPT-1206)
Information: The register 'temp_p_reg[6][8][0]' is a constant and will be removed. (OPT-1206)
Information: The register 'temp_p_reg[7][8][0]' is a constant and will be removed. (OPT-1206)
Information: The register 'temp_p_reg[8][8][0]' is a constant and will be removed. (OPT-1206)
Information: The register 'temp_p_reg[1][7][21]' is a constant and will be removed. (OPT-1206)
Information: The register 'temp_p_reg[2][7][21]' is a constant and will be removed. (OPT-1206)
Information: The register 'temp_p_reg[3][7][21]' is a constant and will be removed. (OPT-1206)
Information: The register 'temp_p_reg[4][7][21]' is a constant and will be removed. (OPT-1206)
Information: The register 'temp_p_reg[5][7][21]' is a constant and will be removed. (OPT-1206)
Information: The register 'temp_p_reg[6][7][21]' is a constant and will be removed. (OPT-1206)
Information: The register 'temp_p_reg[7][7][21]' is a constant and will be removed. (OPT-1206)
Information: The register 'temp_p_reg[1][7][20]' is a constant and will be removed. (OPT-1206)
Information: The register 'temp_p_reg[2][7][20]' is a constant and will be removed. (OPT-1206)
Information: The register 'temp_p_reg[3][7][20]' is a constant and will be removed. (OPT-1206)
Information: The register 'temp_p_reg[4][7][20]' is a constant and will be removed. (OPT-1206)
Information: The register 'temp_p_reg[5][7][20]' is a constant and will be removed. (OPT-1206)
Information: The register 'temp_p_reg[6][7][20]' is a constant and will be removed. (OPT-1206)
Information: The register 'temp_p_reg[7][7][20]' is a constant and will be removed. (OPT-1206)
Information: The register 'temp_p_reg[1][7][19]' is a constant and will be removed. (OPT-1206)
Information: The register 'temp_p_reg[2][7][19]' is a constant and will be removed. (OPT-1206)
Information: The register 'temp_p_reg[3][7][19]' is a constant and will be removed. (OPT-1206)
Information: The register 'temp_p_reg[4][7][19]' is a constant and will be removed. (OPT-1206)
Information: The register 'temp_p_reg[5][7][19]' is a constant and will be removed. (OPT-1206)
Information: The register 'temp_p_reg[6][7][19]' is a constant and will be removed. (OPT-1206)
Information: The register 'temp_p_reg[7][7][19]' is a constant and will be removed. (OPT-1206)
Information: The register 'temp_p_reg[1][7][18]' is a constant and will be removed. (OPT-1206)
Information: The register 'temp_p_reg[2][7][18]' is a constant and will be removed. (OPT-1206)
Information: The register 'temp_p_reg[3][7][18]' is a constant and will be removed. (OPT-1206)
Information: The register 'temp_p_reg[4][7][18]' is a constant and will be removed. (OPT-1206)
Information: The register 'temp_p_reg[5][7][18]' is a constant and will be removed. (OPT-1206)
Information: The register 'temp_p_reg[6][7][18]' is a constant and will be removed. (OPT-1206)
Information: The register 'temp_p_reg[7][7][18]' is a constant and will be removed. (OPT-1206)
Information: The register 'temp_p_reg[1][7][6]' is a constant and will be removed. (OPT-1206)
Information: The register 'temp_p_reg[2][7][6]' is a constant and will be removed. (OPT-1206)
Information: The register 'temp_p_reg[3][7][6]' is a constant and will be removed. (OPT-1206)
Information: The register 'temp_p_reg[4][7][6]' is a constant and will be removed. (OPT-1206)
Information: The register 'temp_p_reg[5][7][6]' is a constant and will be removed. (OPT-1206)
Information: The register 'temp_p_reg[6][7][6]' is a constant and will be removed. (OPT-1206)
Information: The register 'temp_p_reg[7][7][6]' is a constant and will be removed. (OPT-1206)
Information: The register 'temp_p_reg[1][7][5]' is a constant and will be removed. (OPT-1206)
Information: The register 'temp_p_reg[2][7][5]' is a constant and will be removed. (OPT-1206)
Information: The register 'temp_p_reg[3][7][5]' is a constant and will be removed. (OPT-1206)
Information: The register 'temp_p_reg[4][7][5]' is a constant and will be removed. (OPT-1206)
Information: The register 'temp_p_reg[5][7][5]' is a constant and will be removed. (OPT-1206)
Information: The register 'temp_p_reg[6][7][5]' is a constant and will be removed. (OPT-1206)
Information: The register 'temp_p_reg[7][7][5]' is a constant and will be removed. (OPT-1206)
Information: The register 'temp_p_reg[1][7][4]' is a constant and will be removed. (OPT-1206)
Information: The register 'temp_p_reg[2][7][4]' is a constant and will be removed. (OPT-1206)
Information: The register 'temp_p_reg[3][7][4]' is a constant and will be removed. (OPT-1206)
Information: The register 'temp_p_reg[4][7][4]' is a constant and will be removed. (OPT-1206)
Information: The register 'temp_p_reg[5][7][4]' is a constant and will be removed. (OPT-1206)
Information: The register 'temp_p_reg[6][7][4]' is a constant and will be removed. (OPT-1206)
Information: The register 'temp_p_reg[7][7][4]' is a constant and will be removed. (OPT-1206)
Information: The register 'temp_p_reg[1][7][3]' is a constant and will be removed. (OPT-1206)
Information: The register 'temp_p_reg[2][7][3]' is a constant and will be removed. (OPT-1206)
Information: The register 'temp_p_reg[3][7][3]' is a constant and will be removed. (OPT-1206)
Information: The register 'temp_p_reg[4][7][3]' is a constant and will be removed. (OPT-1206)
Information: The register 'temp_p_reg[5][7][3]' is a constant and will be removed. (OPT-1206)
Information: The register 'temp_p_reg[6][7][3]' is a constant and will be removed. (OPT-1206)
Information: The register 'temp_p_reg[7][7][3]' is a constant and will be removed. (OPT-1206)
Information: The register 'temp_p_reg[1][7][2]' is a constant and will be removed. (OPT-1206)
Information: The register 'temp_p_reg[2][7][2]' is a constant and will be removed. (OPT-1206)
Information: The register 'temp_p_reg[3][7][2]' is a constant and will be removed. (OPT-1206)
Information: The register 'temp_p_reg[4][7][2]' is a constant and will be removed. (OPT-1206)
Information: The register 'temp_p_reg[5][7][2]' is a constant and will be removed. (OPT-1206)
Information: The register 'temp_p_reg[6][7][2]' is a constant and will be removed. (OPT-1206)
Information: The register 'temp_p_reg[7][7][2]' is a constant and will be removed. (OPT-1206)
Information: The register 'temp_p_reg[1][7][1]' is a constant and will be removed. (OPT-1206)
Information: The register 'temp_p_reg[2][7][1]' is a constant and will be removed. (OPT-1206)
Information: The register 'temp_p_reg[3][7][1]' is a constant and will be removed. (OPT-1206)
Information: The register 'temp_p_reg[4][7][1]' is a constant and will be removed. (OPT-1206)
Information: The register 'temp_p_reg[5][7][1]' is a constant and will be removed. (OPT-1206)
Information: The register 'temp_p_reg[6][7][1]' is a constant and will be removed. (OPT-1206)
Information: The register 'temp_p_reg[7][7][1]' is a constant and will be removed. (OPT-1206)
Information: The register 'temp_p_reg[1][7][0]' is a constant and will be removed. (OPT-1206)
Information: The register 'temp_p_reg[2][7][0]' is a constant and will be removed. (OPT-1206)
Information: The register 'temp_p_reg[3][7][0]' is a constant and will be removed. (OPT-1206)
Information: The register 'temp_p_reg[4][7][0]' is a constant and will be removed. (OPT-1206)
Information: The register 'temp_p_reg[5][7][0]' is a constant and will be removed. (OPT-1206)
Information: The register 'temp_p_reg[6][7][0]' is a constant and will be removed. (OPT-1206)
Information: The register 'temp_p_reg[7][7][0]' is a constant and will be removed. (OPT-1206)
Information: The register 'temp_p_reg[1][6][21]' is a constant and will be removed. (OPT-1206)
Information: The register 'temp_p_reg[2][6][21]' is a constant and will be removed. (OPT-1206)
Information: The register 'temp_p_reg[3][6][21]' is a constant and will be removed. (OPT-1206)
Information: The register 'temp_p_reg[4][6][21]' is a constant and will be removed. (OPT-1206)
Information: The register 'temp_p_reg[5][6][21]' is a constant and will be removed. (OPT-1206)
Information: The register 'temp_p_reg[6][6][21]' is a constant and will be removed. (OPT-1206)
Information: The register 'temp_p_reg[1][6][20]' is a constant and will be removed. (OPT-1206)
Information: The register 'temp_p_reg[2][6][20]' is a constant and will be removed. (OPT-1206)
Information: The register 'temp_p_reg[3][6][20]' is a constant and will be removed. (OPT-1206)
Information: The register 'temp_p_reg[4][6][20]' is a constant and will be removed. (OPT-1206)
Information: The register 'temp_p_reg[5][6][20]' is a constant and will be removed. (OPT-1206)
Information: The register 'temp_p_reg[6][6][20]' is a constant and will be removed. (OPT-1206)
Information: The register 'temp_p_reg[1][6][19]' is a constant and will be removed. (OPT-1206)
Information: The register 'temp_p_reg[2][6][19]' is a constant and will be removed. (OPT-1206)
Information: The register 'temp_p_reg[3][6][19]' is a constant and will be removed. (OPT-1206)
Information: The register 'temp_p_reg[4][6][19]' is a constant and will be removed. (OPT-1206)
Information: The register 'temp_p_reg[5][6][19]' is a constant and will be removed. (OPT-1206)
Information: The register 'temp_p_reg[6][6][19]' is a constant and will be removed. (OPT-1206)
Information: The register 'temp_p_reg[1][6][18]' is a constant and will be removed. (OPT-1206)
Information: The register 'temp_p_reg[2][6][18]' is a constant and will be removed. (OPT-1206)
Information: The register 'temp_p_reg[3][6][18]' is a constant and will be removed. (OPT-1206)
Information: The register 'temp_p_reg[4][6][18]' is a constant and will be removed. (OPT-1206)
Information: The register 'temp_p_reg[5][6][18]' is a constant and will be removed. (OPT-1206)
Information: The register 'temp_p_reg[6][6][18]' is a constant and will be removed. (OPT-1206)
Information: The register 'temp_p_reg[1][6][17]' is a constant and will be removed. (OPT-1206)
Information: The register 'temp_p_reg[2][6][17]' is a constant and will be removed. (OPT-1206)
Information: The register 'temp_p_reg[3][6][17]' is a constant and will be removed. (OPT-1206)
Information: The register 'temp_p_reg[4][6][17]' is a constant and will be removed. (OPT-1206)
Information: The register 'temp_p_reg[5][6][17]' is a constant and will be removed. (OPT-1206)
Information: The register 'temp_p_reg[6][6][17]' is a constant and will be removed. (OPT-1206)
Information: The register 'temp_p_reg[1][6][5]' is a constant and will be removed. (OPT-1206)
Information: The register 'temp_p_reg[2][6][5]' is a constant and will be removed. (OPT-1206)
Information: The register 'temp_p_reg[3][6][5]' is a constant and will be removed. (OPT-1206)
Information: The register 'temp_p_reg[4][6][5]' is a constant and will be removed. (OPT-1206)
Information: The register 'temp_p_reg[5][6][5]' is a constant and will be removed. (OPT-1206)
Information: The register 'temp_p_reg[6][6][5]' is a constant and will be removed. (OPT-1206)
Information: The register 'temp_p_reg[1][6][4]' is a constant and will be removed. (OPT-1206)
Information: The register 'temp_p_reg[2][6][4]' is a constant and will be removed. (OPT-1206)
Information: The register 'temp_p_reg[3][6][4]' is a constant and will be removed. (OPT-1206)
Information: The register 'temp_p_reg[4][6][4]' is a constant and will be removed. (OPT-1206)
Information: The register 'temp_p_reg[5][6][4]' is a constant and will be removed. (OPT-1206)
Information: The register 'temp_p_reg[6][6][4]' is a constant and will be removed. (OPT-1206)
Information: The register 'temp_p_reg[1][6][3]' is a constant and will be removed. (OPT-1206)
Information: The register 'temp_p_reg[2][6][3]' is a constant and will be removed. (OPT-1206)
Information: The register 'temp_p_reg[3][6][3]' is a constant and will be removed. (OPT-1206)
Information: The register 'temp_p_reg[4][6][3]' is a constant and will be removed. (OPT-1206)
Information: The register 'temp_p_reg[5][6][3]' is a constant and will be removed. (OPT-1206)
Information: The register 'temp_p_reg[6][6][3]' is a constant and will be removed. (OPT-1206)
Information: The register 'temp_p_reg[1][6][2]' is a constant and will be removed. (OPT-1206)
Information: The register 'temp_p_reg[2][6][2]' is a constant and will be removed. (OPT-1206)
Information: The register 'temp_p_reg[3][6][2]' is a constant and will be removed. (OPT-1206)
Information: The register 'temp_p_reg[4][6][2]' is a constant and will be removed. (OPT-1206)
Information: The register 'temp_p_reg[5][6][2]' is a constant and will be removed. (OPT-1206)
Information: The register 'temp_p_reg[6][6][2]' is a constant and will be removed. (OPT-1206)
Information: The register 'temp_p_reg[1][6][1]' is a constant and will be removed. (OPT-1206)
Information: The register 'temp_p_reg[2][6][1]' is a constant and will be removed. (OPT-1206)
Information: The register 'temp_p_reg[3][6][1]' is a constant and will be removed. (OPT-1206)
Information: The register 'temp_p_reg[4][6][1]' is a constant and will be removed. (OPT-1206)
Information: The register 'temp_p_reg[5][6][1]' is a constant and will be removed. (OPT-1206)
Information: The register 'temp_p_reg[6][6][1]' is a constant and will be removed. (OPT-1206)
Information: The register 'temp_p_reg[1][6][0]' is a constant and will be removed. (OPT-1206)
Information: The register 'temp_p_reg[2][6][0]' is a constant and will be removed. (OPT-1206)
Information: The register 'temp_p_reg[3][6][0]' is a constant and will be removed. (OPT-1206)
Information: The register 'temp_p_reg[4][6][0]' is a constant and will be removed. (OPT-1206)
Information: The register 'temp_p_reg[5][6][0]' is a constant and will be removed. (OPT-1206)
Information: The register 'temp_p_reg[6][6][0]' is a constant and will be removed. (OPT-1206)
Information: The register 'temp_p_reg[1][5][21]' is a constant and will be removed. (OPT-1206)
Information: The register 'temp_p_reg[2][5][21]' is a constant and will be removed. (OPT-1206)
Information: The register 'temp_p_reg[3][5][21]' is a constant and will be removed. (OPT-1206)
Information: The register 'temp_p_reg[4][5][21]' is a constant and will be removed. (OPT-1206)
Information: The register 'temp_p_reg[5][5][21]' is a constant and will be removed. (OPT-1206)
Information: The register 'temp_p_reg[1][5][20]' is a constant and will be removed. (OPT-1206)
Information: The register 'temp_p_reg[2][5][20]' is a constant and will be removed. (OPT-1206)
Information: The register 'temp_p_reg[3][5][20]' is a constant and will be removed. (OPT-1206)
Information: The register 'temp_p_reg[4][5][20]' is a constant and will be removed. (OPT-1206)
Information: The register 'temp_p_reg[5][5][20]' is a constant and will be removed. (OPT-1206)
Information: The register 'temp_p_reg[1][5][19]' is a constant and will be removed. (OPT-1206)
Information: The register 'temp_p_reg[2][5][19]' is a constant and will be removed. (OPT-1206)
Information: The register 'temp_p_reg[3][5][19]' is a constant and will be removed. (OPT-1206)
Information: The register 'temp_p_reg[4][5][19]' is a constant and will be removed. (OPT-1206)
Information: The register 'temp_p_reg[5][5][19]' is a constant and will be removed. (OPT-1206)
Information: The register 'temp_p_reg[1][5][18]' is a constant and will be removed. (OPT-1206)
Information: The register 'temp_p_reg[2][5][18]' is a constant and will be removed. (OPT-1206)
Information: The register 'temp_p_reg[3][5][18]' is a constant and will be removed. (OPT-1206)
Information: The register 'temp_p_reg[4][5][18]' is a constant and will be removed. (OPT-1206)
Information: The register 'temp_p_reg[5][5][18]' is a constant and will be removed. (OPT-1206)
Information: The register 'temp_p_reg[1][5][17]' is a constant and will be removed. (OPT-1206)
Information: The register 'temp_p_reg[2][5][17]' is a constant and will be removed. (OPT-1206)
Information: The register 'temp_p_reg[3][5][17]' is a constant and will be removed. (OPT-1206)
Information: The register 'temp_p_reg[4][5][17]' is a constant and will be removed. (OPT-1206)
Information: The register 'temp_p_reg[5][5][17]' is a constant and will be removed. (OPT-1206)
Information: The register 'temp_p_reg[1][5][16]' is a constant and will be removed. (OPT-1206)
Information: The register 'temp_p_reg[2][5][16]' is a constant and will be removed. (OPT-1206)
Information: The register 'temp_p_reg[3][5][16]' is a constant and will be removed. (OPT-1206)
Information: The register 'temp_p_reg[4][5][16]' is a constant and will be removed. (OPT-1206)
Information: The register 'temp_p_reg[5][5][16]' is a constant and will be removed. (OPT-1206)
Information: The register 'temp_p_reg[1][5][4]' is a constant and will be removed. (OPT-1206)
Information: The register 'temp_p_reg[2][5][4]' is a constant and will be removed. (OPT-1206)
Information: The register 'temp_p_reg[3][5][4]' is a constant and will be removed. (OPT-1206)
Information: The register 'temp_p_reg[4][5][4]' is a constant and will be removed. (OPT-1206)
Information: The register 'temp_p_reg[5][5][4]' is a constant and will be removed. (OPT-1206)
Information: The register 'temp_p_reg[1][5][3]' is a constant and will be removed. (OPT-1206)
Information: The register 'temp_p_reg[2][5][3]' is a constant and will be removed. (OPT-1206)
Information: The register 'temp_p_reg[3][5][3]' is a constant and will be removed. (OPT-1206)
Information: The register 'temp_p_reg[4][5][3]' is a constant and will be removed. (OPT-1206)
Information: The register 'temp_p_reg[5][5][3]' is a constant and will be removed. (OPT-1206)
Information: The register 'temp_p_reg[1][5][2]' is a constant and will be removed. (OPT-1206)
Information: The register 'temp_p_reg[2][5][2]' is a constant and will be removed. (OPT-1206)
Information: The register 'temp_p_reg[3][5][2]' is a constant and will be removed. (OPT-1206)
Information: The register 'temp_p_reg[4][5][2]' is a constant and will be removed. (OPT-1206)
Information: The register 'temp_p_reg[5][5][2]' is a constant and will be removed. (OPT-1206)
Information: The register 'temp_p_reg[1][5][1]' is a constant and will be removed. (OPT-1206)
Information: The register 'temp_p_reg[2][5][1]' is a constant and will be removed. (OPT-1206)
Information: The register 'temp_p_reg[3][5][1]' is a constant and will be removed. (OPT-1206)
Information: The register 'temp_p_reg[4][5][1]' is a constant and will be removed. (OPT-1206)
Information: The register 'temp_p_reg[5][5][1]' is a constant and will be removed. (OPT-1206)
Information: The register 'temp_p_reg[1][5][0]' is a constant and will be removed. (OPT-1206)
Information: The register 'temp_p_reg[2][5][0]' is a constant and will be removed. (OPT-1206)
Information: The register 'temp_p_reg[3][5][0]' is a constant and will be removed. (OPT-1206)
Information: The register 'temp_p_reg[4][5][0]' is a constant and will be removed. (OPT-1206)
Information: The register 'temp_p_reg[5][5][0]' is a constant and will be removed. (OPT-1206)
Information: The register 'temp_p_reg[1][4][21]' is a constant and will be removed. (OPT-1206)
Information: The register 'temp_p_reg[2][4][21]' is a constant and will be removed. (OPT-1206)
Information: The register 'temp_p_reg[3][4][21]' is a constant and will be removed. (OPT-1206)
Information: The register 'temp_p_reg[4][4][21]' is a constant and will be removed. (OPT-1206)
Information: The register 'temp_p_reg[1][4][20]' is a constant and will be removed. (OPT-1206)
Information: The register 'temp_p_reg[2][4][20]' is a constant and will be removed. (OPT-1206)
Information: The register 'temp_p_reg[3][4][20]' is a constant and will be removed. (OPT-1206)
Information: The register 'temp_p_reg[4][4][20]' is a constant and will be removed. (OPT-1206)
Information: The register 'temp_p_reg[1][4][19]' is a constant and will be removed. (OPT-1206)
Information: The register 'temp_p_reg[2][4][19]' is a constant and will be removed. (OPT-1206)
Information: The register 'temp_p_reg[3][4][19]' is a constant and will be removed. (OPT-1206)
Information: The register 'temp_p_reg[4][4][19]' is a constant and will be removed. (OPT-1206)
Information: The register 'temp_p_reg[1][4][18]' is a constant and will be removed. (OPT-1206)
Information: The register 'temp_p_reg[2][4][18]' is a constant and will be removed. (OPT-1206)
Information: The register 'temp_p_reg[3][4][18]' is a constant and will be removed. (OPT-1206)
Information: The register 'temp_p_reg[4][4][18]' is a constant and will be removed. (OPT-1206)
Information: The register 'temp_p_reg[1][4][17]' is a constant and will be removed. (OPT-1206)
Information: The register 'temp_p_reg[2][4][17]' is a constant and will be removed. (OPT-1206)
Information: The register 'temp_p_reg[3][4][17]' is a constant and will be removed. (OPT-1206)
Information: The register 'temp_p_reg[4][4][17]' is a constant and will be removed. (OPT-1206)
Information: The register 'temp_p_reg[1][4][16]' is a constant and will be removed. (OPT-1206)
Information: The register 'temp_p_reg[2][4][16]' is a constant and will be removed. (OPT-1206)
Information: The register 'temp_p_reg[3][4][16]' is a constant and will be removed. (OPT-1206)
Information: The register 'temp_p_reg[4][4][16]' is a constant and will be removed. (OPT-1206)
Information: The register 'temp_p_reg[1][4][15]' is a constant and will be removed. (OPT-1206)
Information: The register 'temp_p_reg[2][4][15]' is a constant and will be removed. (OPT-1206)
Information: The register 'temp_p_reg[3][4][15]' is a constant and will be removed. (OPT-1206)
Information: The register 'temp_p_reg[4][4][15]' is a constant and will be removed. (OPT-1206)
Information: The register 'temp_p_reg[1][4][3]' is a constant and will be removed. (OPT-1206)
Information: The register 'temp_p_reg[2][4][3]' is a constant and will be removed. (OPT-1206)
Information: The register 'temp_p_reg[3][4][3]' is a constant and will be removed. (OPT-1206)
Information: The register 'temp_p_reg[4][4][3]' is a constant and will be removed. (OPT-1206)
Information: The register 'temp_p_reg[1][4][2]' is a constant and will be removed. (OPT-1206)
Information: The register 'temp_p_reg[2][4][2]' is a constant and will be removed. (OPT-1206)
Information: The register 'temp_p_reg[3][4][2]' is a constant and will be removed. (OPT-1206)
Information: The register 'temp_p_reg[4][4][2]' is a constant and will be removed. (OPT-1206)
Information: The register 'temp_p_reg[1][4][1]' is a constant and will be removed. (OPT-1206)
Information: The register 'temp_p_reg[2][4][1]' is a constant and will be removed. (OPT-1206)
Information: The register 'temp_p_reg[3][4][1]' is a constant and will be removed. (OPT-1206)
Information: The register 'temp_p_reg[4][4][1]' is a constant and will be removed. (OPT-1206)
Information: The register 'temp_p_reg[1][4][0]' is a constant and will be removed. (OPT-1206)
Information: The register 'temp_p_reg[2][4][0]' is a constant and will be removed. (OPT-1206)
Information: The register 'temp_p_reg[3][4][0]' is a constant and will be removed. (OPT-1206)
Information: The register 'temp_p_reg[4][4][0]' is a constant and will be removed. (OPT-1206)
Information: The register 'temp_p_reg[1][3][21]' is a constant and will be removed. (OPT-1206)
Information: The register 'temp_p_reg[2][3][21]' is a constant and will be removed. (OPT-1206)
Information: The register 'temp_p_reg[3][3][21]' is a constant and will be removed. (OPT-1206)
Information: The register 'temp_p_reg[1][3][20]' is a constant and will be removed. (OPT-1206)
Information: The register 'temp_p_reg[2][3][20]' is a constant and will be removed. (OPT-1206)
Information: The register 'temp_p_reg[3][3][20]' is a constant and will be removed. (OPT-1206)
Information: The register 'temp_p_reg[1][3][19]' is a constant and will be removed. (OPT-1206)
Information: The register 'temp_p_reg[2][3][19]' is a constant and will be removed. (OPT-1206)
Information: The register 'temp_p_reg[3][3][19]' is a constant and will be removed. (OPT-1206)
Information: The register 'temp_p_reg[1][3][18]' is a constant and will be removed. (OPT-1206)
Information: The register 'temp_p_reg[2][3][18]' is a constant and will be removed. (OPT-1206)
Information: The register 'temp_p_reg[3][3][18]' is a constant and will be removed. (OPT-1206)
Information: The register 'temp_p_reg[1][3][17]' is a constant and will be removed. (OPT-1206)
Information: The register 'temp_p_reg[2][3][17]' is a constant and will be removed. (OPT-1206)
Information: The register 'temp_p_reg[3][3][17]' is a constant and will be removed. (OPT-1206)
Information: The register 'temp_p_reg[1][3][16]' is a constant and will be removed. (OPT-1206)
Information: The register 'temp_p_reg[2][3][16]' is a constant and will be removed. (OPT-1206)
Information: The register 'temp_p_reg[3][3][16]' is a constant and will be removed. (OPT-1206)
Information: The register 'temp_p_reg[1][3][15]' is a constant and will be removed. (OPT-1206)
Information: The register 'temp_p_reg[2][3][15]' is a constant and will be removed. (OPT-1206)
Information: The register 'temp_p_reg[3][3][15]' is a constant and will be removed. (OPT-1206)
Information: The register 'temp_p_reg[1][3][14]' is a constant and will be removed. (OPT-1206)
Information: The register 'temp_p_reg[2][3][14]' is a constant and will be removed. (OPT-1206)
Information: The register 'temp_p_reg[3][3][14]' is a constant and will be removed. (OPT-1206)
Information: The register 'temp_p_reg[1][3][2]' is a constant and will be removed. (OPT-1206)
Information: The register 'temp_p_reg[2][3][2]' is a constant and will be removed. (OPT-1206)
Information: The register 'temp_p_reg[3][3][2]' is a constant and will be removed. (OPT-1206)
Information: The register 'temp_p_reg[1][3][1]' is a constant and will be removed. (OPT-1206)
Information: The register 'temp_p_reg[2][3][1]' is a constant and will be removed. (OPT-1206)
Information: The register 'temp_p_reg[3][3][1]' is a constant and will be removed. (OPT-1206)
Information: The register 'temp_p_reg[1][3][0]' is a constant and will be removed. (OPT-1206)
Information: The register 'temp_p_reg[2][3][0]' is a constant and will be removed. (OPT-1206)
Information: The register 'temp_p_reg[3][3][0]' is a constant and will be removed. (OPT-1206)
Information: The register 'temp_p_reg[1][2][21]' is a constant and will be removed. (OPT-1206)
Information: The register 'temp_p_reg[2][2][21]' is a constant and will be removed. (OPT-1206)
Information: The register 'temp_p_reg[1][2][20]' is a constant and will be removed. (OPT-1206)
Information: The register 'temp_p_reg[2][2][20]' is a constant and will be removed. (OPT-1206)
Information: The register 'temp_p_reg[1][2][19]' is a constant and will be removed. (OPT-1206)
Information: The register 'temp_p_reg[2][2][19]' is a constant and will be removed. (OPT-1206)
Information: The register 'temp_p_reg[1][2][18]' is a constant and will be removed. (OPT-1206)
Information: The register 'temp_p_reg[2][2][18]' is a constant and will be removed. (OPT-1206)
Information: The register 'temp_p_reg[1][2][17]' is a constant and will be removed. (OPT-1206)
Information: The register 'temp_p_reg[2][2][17]' is a constant and will be removed. (OPT-1206)
Information: The register 'temp_p_reg[1][2][16]' is a constant and will be removed. (OPT-1206)
Information: The register 'temp_p_reg[2][2][16]' is a constant and will be removed. (OPT-1206)
Information: The register 'temp_p_reg[1][2][15]' is a constant and will be removed. (OPT-1206)
Information: The register 'temp_p_reg[2][2][15]' is a constant and will be removed. (OPT-1206)
Information: The register 'temp_p_reg[1][2][14]' is a constant and will be removed. (OPT-1206)
Information: The register 'temp_p_reg[2][2][14]' is a constant and will be removed. (OPT-1206)
Information: The register 'temp_p_reg[1][2][13]' is a constant and will be removed. (OPT-1206)
Information: The register 'temp_p_reg[2][2][13]' is a constant and will be removed. (OPT-1206)
Information: The register 'temp_p_reg[1][2][1]' is a constant and will be removed. (OPT-1206)
Information: The register 'temp_p_reg[2][2][1]' is a constant and will be removed. (OPT-1206)
Information: The register 'temp_p_reg[1][2][0]' is a constant and will be removed. (OPT-1206)
Information: The register 'temp_p_reg[2][2][0]' is a constant and will be removed. (OPT-1206)
Information: The register 'temp_p_reg[1][1][21]' is a constant and will be removed. (OPT-1206)
Information: The register 'temp_p_reg[1][1][20]' is a constant and will be removed. (OPT-1206)
Information: The register 'temp_p_reg[1][1][19]' is a constant and will be removed. (OPT-1206)
Information: The register 'temp_p_reg[1][1][18]' is a constant and will be removed. (OPT-1206)
Information: The register 'temp_p_reg[1][1][17]' is a constant and will be removed. (OPT-1206)
Information: The register 'temp_p_reg[1][1][16]' is a constant and will be removed. (OPT-1206)
Information: The register 'temp_p_reg[1][1][15]' is a constant and will be removed. (OPT-1206)
Information: The register 'temp_p_reg[1][1][14]' is a constant and will be removed. (OPT-1206)
Information: The register 'temp_p_reg[1][1][13]' is a constant and will be removed. (OPT-1206)
Information: The register 'temp_p_reg[1][1][12]' is a constant and will be removed. (OPT-1206)
Information: The register 'temp_p_reg[1][1][0]' is a constant and will be removed. (OPT-1206)
  Processing 'temporary_box_mul_0'
  Processing 'step2_status'
  Processing 'step1_status'
  Processing 'sign_determine'
  Processing 'ex_adder'
  Processing 'float_multiplier'
  Processing 'fp_mac'

  Updating timing information
Information: Updating design information... (UID-85)

  Beginning Implementation Selection
  ----------------------------------
  Processing 'fr_round_DW01_inc_0'
  Processing 'fr_round_DW01_inc_1'
  Processing 'fr_normalize_DW01_inc_0'
  Mapping 'DW_leftsh'
Information: Added key list 'DesignWare' to design 'fr_normalize'. (DDB-72)
  Processing 'fr_normalize_DW01_sub_0'
  Mapping 'fr_adder_pre_DW_cmp_0'
  Mapping 'DW_rightsh'
Information: Added key list 'DesignWare' to design 'fr_shifter'. (DDB-72)
  Mapping 'DW_rightsh'
  Processing 'ex_comparison_DW01_sub_0'
  Mapping 'ex_comparison_DW_cmp_0'
  Mapping 'DW_leftsh'
Information: Added key list 'DesignWare' to design 'sg_normalizer'. (DDB-72)
  Processing 'sg_normalizer_DW01_sub_0'
  Processing 'ex_adder_DW01_add_0'
  Processing 'ex_adder_DW01_add_1'
  Processing 'fr_normalize_DW01_add_0'
  Processing 'fr_normalize_DW01_sub_1'
  Processing 'sg_normalizer_DW01_add_0'
  Processing 'sg_normalizer_DW01_sub_1'
  Processing 'fr_adder_pre_DW01_inc_0'
  Processing 'fr_adder_pre_DW01_sub_0'
  Processing 'fr_adder_pre_DW01_inc_1'
  Processing 'fr_adder_pre_DW01_sub_1'

  Beginning Mapping Optimizations  (High effort)
  -------------------------------
Information: Added key list 'DesignWare' to design 'ex_comparison'. (DDB-72)

                                  TOTAL                                      
   ELAPSED            WORST NEG   SETUP    DESIGN                            
    TIME      AREA      SLACK     COST    RULE COST         ENDPOINT         
  --------- --------- --------- --------- --------- -------------------------
    0:00:07   26674.7      0.00       0.0     455.5                          
    0:00:07   26674.7      0.00       0.0     455.5                          
    0:00:07   26674.7      0.00       0.0     455.5                          
    0:00:07   26674.7      0.00       0.0     455.5                          
    0:00:07   26674.7      0.00       0.0     455.5                          
    0:00:08   25387.2      0.00       0.0       0.0                          
    0:00:08   25365.4      0.00       0.0       0.0                          
    0:00:08   25365.4      0.00       0.0       0.0                          
    0:00:08   25365.4      0.00       0.0       0.0                          
    0:00:08   25365.4      0.00       0.0       0.0                          
    0:00:08   25365.4      0.00       0.0       0.0                          
    0:00:08   25365.4      0.00       0.0       0.0                          
    0:00:08   25365.4      0.00       0.0       0.0                          
    0:00:08   25365.4      0.00       0.0       0.0                          



  Beginning Delay Optimization Phase
  ----------------------------------

                                  TOTAL                                      
   ELAPSED            WORST NEG   SETUP    DESIGN                            
    TIME      AREA      SLACK     COST    RULE COST         ENDPOINT         
  --------- --------- --------- --------- --------- -------------------------
    0:00:08   25365.4      0.00       0.0       0.0                          
    0:00:08   25365.4      0.00       0.0       0.0                          
    0:00:08   24736.3      0.00       0.0       0.0                          


  Beginning Area-Recovery Phase  (max_area 0)
  -----------------------------

                                  TOTAL                                      
   ELAPSED            WORST NEG   SETUP    DESIGN                            
    TIME      AREA      SLACK     COST    RULE COST         ENDPOINT         
  --------- --------- --------- --------- --------- -------------------------
    0:00:08   24736.3      0.00       0.0       0.0                          
    0:00:08   24736.3      0.00       0.0       0.0                          
    0:00:09   24654.3      0.00       0.0       0.0                          
    0:00:09   24609.8      0.00       0.0       0.0                          
    0:00:09   24579.5      0.00       0.0       0.0                          
    0:00:09   24560.5      0.00       0.0       0.0                          
    0:00:09   24547.8      0.00       0.0       0.0                          
    0:00:09   24541.4      0.00       0.0       0.0                          
    0:00:09   24536.8      0.00       0.0       0.0                          
    0:00:09   24534.3      0.00       0.0       0.0                          
    0:00:09   24531.8      0.00       0.0       0.0                          
    0:00:09   24529.2      0.00       0.0       0.0                          
    0:00:09   24526.7      0.00       0.0       0.0                          
    0:00:09   24524.1      0.00       0.0       0.0                          
    0:00:09   24521.6      0.00       0.0       0.0                          
    0:00:09   24515.2      0.00       0.0       0.0                          
    0:00:09   24512.7      0.00       0.0       0.0                          
    0:00:09   24510.2      0.00       0.0       0.0                          
    0:00:09   24508.9      0.00       0.0       0.0                          
    0:00:09   24507.6      0.00       0.0       0.0                          
    0:00:09   24506.3      0.00       0.0       0.0                          
    0:00:09   24505.1      0.00       0.0       0.0                          
    0:00:09   24503.8      0.00       0.0       0.0                          
    0:00:09   24502.5      0.00       0.0       0.0                          
    0:00:09   24502.5      0.00       0.0       0.0                          
    0:00:09   24502.5      0.00       0.0       0.0                          
    0:00:09   24501.8      0.00       0.0       0.0                          
    0:00:09   24501.8      0.00       0.0       0.0                          
    0:00:09   24501.8      0.00       0.0       0.0                          
    0:00:09   24501.8      0.00       0.0       0.0                          
    0:00:09   24501.8      0.00       0.0       0.0                          
    0:00:09   24501.8      0.00       0.0       0.0                          
    0:00:10   24462.9      0.00       0.0       0.0                          
    0:00:11   24460.9      0.00       0.0       0.0                          
    0:00:11   24460.9      0.00       0.0       0.0                          
    0:00:11   24460.9      0.00       0.0       0.0                          
    0:00:11   24460.9      0.00       0.0       0.0                          
    0:00:11   24460.9      0.00       0.0       0.0                          
    0:00:11   24460.9      0.00       0.0       0.0                          
    0:00:11   24460.9      0.00       0.0       0.0                          


Note: Symbol # after min delay cost means estimated hold TNS across all active scenarios 


  Optimization Complete
  ---------------------
Warning: Design 'fp_mac' contains 1 high-fanout nets. A fanout number of 1000 will be used for delay calculations involving these nets. (TIM-134)
     Net 'SB1/loop_buf[1].TB1/clock': 2254 load(s), 1 driver(s)
1
