 
****************************************
Report : cell
Design : fp_mac
Version: O-2018.06-SP4
Date   : Mon Dec 19 02:52:38 2022
****************************************

Attributes:
    b - black box (unknown)
    h - hierarchical
    n - noncombinational
    r - removable
    u - contains unmapped logic

Cell                      Reference       Library             Area  Attributes
--------------------------------------------------------------------------------
FA1                       float_adder                     9177.394130
                                                                    h, n
FM1                       float_multiplier                12010.083174
                                                                    h, n
SB1                       sum_out_buffer                  3273.374780
                                                                    h, n
--------------------------------------------------------------------------------
Total 3 cells                                             24460.852084
1
