 
****************************************
Report : area
Design : fp_mac
Version: O-2018.06-SP4
Date   : Mon Dec 19 02:52:37 2022
****************************************

Information: Updating design information... (UID-85)
Warning: Design 'fp_mac' contains 1 high-fanout nets. A fanout number of 1000 will be used for delay calculations involving these nets. (TIM-134)
Library(s) Used:

    saed32rvt_ff1p16vn40c (File: /data/SYNOPSYS/lib/32nm/SAED32_EDK/lib/stdcell_rvt/db_ccs/saed32rvt_ff1p16vn40c.db)

Number of ports:                         5693
Number of nets:                         11375
Number of cells:                         6214
Number of combinational cells:           3265
Number of sequential cells:              2254
Number of macros/black boxes:               0
Number of buf/inv:                        526
Number of references:                       3

Combinational area:               8728.829861
Buf/Inv area:                      773.614352
Noncombinational area:           15732.022223
Macro/Black Box area:                0.000000
Net Interconnect area:            6022.534342

Total cell area:                 24460.852084
Total area:                      30483.386426
1
