Command: /home/capstone9/capstone/lab4_front-end/SIM/PRE/./simv -ucli -i fsdb.tcl -l pre_simv.log
Chronologic VCS simulator copyright 1991-2017
Contains Synopsys proprietary information.
Compiler version M-2017.03-SP2; Runtime version M-2017.03-SP2;  Dec 19 02:53 2022
ucli% # Example of TB file expression 
ucli% call {$fsdbDumpfile ("fp_mac.fsdb")};
*Verdi* Loading libsscore_vcs201703.so
FSDB Dumper for VCS, Release Verdi_M-2017.03-SP2, Linux, 08/20/2017
(C) 1996 - 2017 by Synopsys, Inc.
*Verdi* : Create FSDB file 'fp_mac.fsdb'
ucli% call {$fsdbDumpvars (0, tb_fp_mac)};
*Verdi* : Begin traversing the scope (tb_fp_mac), layer (0).
*Verdi* : End of traversing.
ucli% run
$finish called from file "../TESTBENCH/tb_fp_mac.v", line 535.
$finish at simulation time              2650000
           V C S   S i m u l a t i o n   R e p o r t 
Time: 2650000 ps
CPU Time:      0.760 seconds;       Data structure size:   2.1Mb
Mon Dec 19 02:53:38 2022
